17:42:54.181 [JavaFX Application Thread] DEBUG GameApplication      - Logger initialized
17:42:54.190 [JavaFX Application Thread] DEBUG MainWindow           - Creating a JavaFX scene
17:42:54.430 [JavaFX Application Thread] DEBUG MainWindow           - Target settings size: 1050.0 x 700.0
17:42:54.430 [JavaFX Application Thread] DEBUG MainWindow           - Scaled scene size:    1050.0 x 700.0
17:42:54.431 [JavaFX Application Thread] DEBUG MainWindow           - Scaled ratio: (1.0, 1.0)
17:42:54.648 [JavaFX Application Thread] DEBUG GameApplication      - Starting FXGL
17:42:54.648 [JavaFX Application Thread] INFO  Version              - FXGL-0.4.1
17:42:54.649 [JavaFX Application Thread] INFO  Version              - Source code and latest versions at: https://github.com/AlmasB/FXGL
17:42:54.649 [JavaFX Application Thread] INFO  Version              -              Join the FXGL chat at: https://gitter.im/AlmasB/FXGL
17:42:54.759 [FXGL Launcher Thread     ] DEBUG FXGL                 - Loading FXGL system data
17:42:54.805 [FXGL Launcher Thread     ] DEBUG IOTask               - Executing task: readDataTask(system/fxgl.bundle)
17:42:54.829 [FXGL Launcher Thread     ] DEBUG FS                   - Reading from: system/fxgl.bundle
17:42:54.906 [FXGL Launcher Thread     ] DEBUG IOTask               - Task succeeded: readDataTask(system/fxgl.bundle)
17:42:54.908 [FXGL Launcher Thread     ] DEBUG Bundle               - Logging bundle: FXGL
17:42:54.909 [FXGL Launcher Thread     ] DEBUG Bundle               - FXGL.offline.timer.version.check=2018-01-28T16:41:24.170
17:42:54.911 [FXGL Launcher Thread     ] DEBUG GameApplication      - FXGL configuration complete
17:42:54.913 [FXGL Launcher Thread     ] INFO  GameApplication      - FXGL configuration took:  0.250 sec
17:42:54.924 [FXGL Launcher Thread     ] DEBUG GameApplication      - Logging game settings
Title: Untitled
Version: 0.0
Width: 1050
Height: 700
Fullscreen: false
Intro: false
Menus: false
Profiling: false
Single step:false
App Mode: DEVELOPER
Menu Key: ESCAPE
Stage Style: DECORATED
Scene Factory: class com.almasb.fxgl.scene.SceneFactory
Dialog Factory: class com.almasb.fxgl.ui.FXGLDialogFactory
UI Factory: class com.almasb.fxgl.ui.FXGLUIFactory
Notification Service: class com.almasb.fxgl.gameplay.notification.XboxNotificationView
Exception Handler: class com.almasb.fxgl.app.FXGLExceptionHandler
17:42:54.978 [FXGL Launcher Thread     ] DEBUG GameApplication      - Configuring GameApplication
17:42:54.986 [FXGL Launcher Thread     ] DEBUG AppStateMachine      - Initializing application states
17:42:55.011 [FXGL Launcher Thread     ] DEBUG AssetLoader          - Loading from disk: /assets/ui/cursors/fxgl_default.png
17:42:55.123 [FXGL Launcher Thread     ] DEBUG AssetLoader          - Loading from disk: /assets/ui/cursors/fxgl_default.png
17:42:55.169 [FXGL Launcher Thread     ] DEBUG AssetLoader          - Loading from disk: /assets/sounds/core/notification.wav
17:42:55.216 [FXGL Launcher Thread     ] DEBUG AssetLoader          - Loading from disk: /assets/sounds/menu/select.wav
17:42:55.218 [FXGL Launcher Thread     ] DEBUG AssetLoader          - Loading from disk: /assets/sounds/menu/back.wav
17:42:55.220 [FXGL Launcher Thread     ] DEBUG AssetLoader          - Loading from disk: /assets/sounds/menu/press.wav
17:42:55.224 [FXGL Launcher Thread     ] DEBUG AssetLoader          - Loading from disk: /assets/ui/fonts/VarelaRound-Regular.ttf
17:42:55.257 [FXGL Launcher Thread     ] DEBUG AssetLoader          - Loading from disk: /assets/ui/fonts/lucida_console.ttf
17:42:55.264 [FXGL Launcher Thread     ] DEBUG AssetLoader          - Loading from disk: /assets/ui/css/fxgl_dark.css
17:42:55.264 [FXGL Launcher Thread     ] DEBUG AssetLoader          - Loading from disk: /assets/ui/icons/fxgl_icon.png
17:42:55.320 [FXGL Launcher Thread     ] DEBUG AssetLoader          - Loading from disk: /assets/ui/cursors/fxgl_default.png
17:42:55.368 [FXGL Launcher Thread     ] DEBUG FXGL.GameScene       - Game scene initialized: 1050x700
17:42:55.380 [FXGL Launcher Thread     ] DEBUG FXGL.GameWorld       - Game world initialized
17:42:55.476 [FXGL Launcher Thread     ] DEBUG FXGL.PhysicsWorld    - Physics world initialized: appHeight=700, physics.ppm=50.0
17:42:55.512 [FXGL Launcher Thread     ] DEBUG Input                - Registered new binding: Pause - Esc
17:42:55.533 [FXGL Launcher Thread     ] INFO  GameApplication      - Game configuration took:  0.554 sec
17:42:55.536 [JavaFX Application Thread] DEBUG MainWindow           - Opening main window
17:42:55.592 [JavaFX Application Thread] DEBUG MainWindow           - Window border size: (0.0, 0.0)
17:42:55.592 [JavaFX Application Thread] DEBUG MainWindow           - Scaled size: 1050.0 x 700.0
17:42:55.593 [JavaFX Application Thread] DEBUG MainWindow           - Scaled ratio: (1.0, 1.0)
17:42:55.593 [JavaFX Application Thread] DEBUG MainWindow           - Scene size: 1050.0 x 700.0
17:42:55.593 [JavaFX Application Thread] DEBUG MainWindow           - Stage size: 1050.0 x 700.0
17:42:55.593 [JavaFX Application Thread] DEBUG GameApplication      - Running preInit()
17:42:55.596 [JavaFX Application Thread] DEBUG AnnotationParser     - Main app package name: hisversion
17:42:55.684 [JavaFX Application Thread] DEBUG AnnotationParser     - @SetAchievementStore: []
17:42:55.686 [JavaFX Application Thread] DEBUG Input                - Registered new binding: Screenshot - P
17:42:55.686 [JavaFX Application Thread] DEBUG Input                - Registered new binding: Dev Options - CTRL+0
17:42:55.690 [JavaFX Application Thread] DEBUG Input                - Registered new binding: Left - A
17:42:55.691 [JavaFX Application Thread] DEBUG Input                - Registered new binding: Right - D
17:42:55.691 [JavaFX Application Thread] DEBUG Input                - Registered new binding: Jump - W
17:42:55.743 [JavaFX Application Thread] DEBUG GameApplication      - Starting main loop
17:42:55.753 [JavaFX Application Thread] DEBUG StartupState         - STARTUP
17:42:55.754 [JavaFX Application Thread] DEBUG GameApplication      - Starting new game
17:42:55.754 [JavaFX Application Thread] DEBUG Input                - Clearing active input actions
17:42:55.754 [JavaFX Application Thread] DEBUG AppStateMachine      - StartupState -> LoadingState
17:42:55.806 [JavaFX Application Thread] DEBUG AnnotationParser     - Main app package name: hisversion
17:42:55.807 [JavaFX Application Thread] DEBUG InitAppTask          - Parsing annotations
17:42:55.860 [JavaFX Application Thread] DEBUG AnnotationParser     - @SetEventHandler: []
17:42:55.860 [JavaFX Application Thread] DEBUG AnnotationParser     - @AddCollisionHandler: []
17:42:55.861 [JavaFX Application Thread] DEBUG AnnotationParser     - @SetEntityFactory: [MarioFactory]
17:42:55.868 [FXGL Background Thread 1 ] DEBUG InitAppTask          - Clearing previous game
17:42:55.868 [FXGL Background Thread 1 ] DEBUG FXGL.GameWorld       - Clearing game world
17:42:55.869 [FXGL Background Thread 1 ] DEBUG FXGL.PhysicsWorld    - Clearing physics world
17:42:55.869 [FXGL Background Thread 1 ] DEBUG FXGL.GameScene       - Clearing game scene
17:42:55.870 [FXGL Background Thread 1 ] DEBUG InitAppTask          - Initializing Assets
17:42:55.871 [FXGL Background Thread 1 ] DEBUG InitAppTask          - Initializing Game
17:42:55.897 [FXGL Background Thread 1 ] DEBUG AssetLoader          - Loading from disk: /assets/json/mario.json
17:42:56.195 [FXGL Background Thread 1 ] DEBUG FXGL.GameWorld       - Clearing removable entities
17:42:56.195 [FXGL Background Thread 1 ] DEBUG FXGL.GameWorld       - Setting level from map
17:42:56.227 [FXGL Background Thread 1 ] DEBUG AssetLoader          - Loading from disk: /assets/textures/tiles_spritesheet.png
17:42:56.286 [FXGL Background Thread 1 ] DEBUG AssetLoader          - Loading from cache: /assets/textures/tiles_spritesheet.png
17:42:56.287 [FXGL Background Thread 1 ] DEBUG AssetLoader          - Loading from cache: /assets/textures/tiles_spritesheet.png
17:42:56.287 [FXGL Background Thread 1 ] DEBUG AssetLoader          - Loading from cache: /assets/textures/tiles_spritesheet.png
17:42:56.287 [FXGL Background Thread 1 ] DEBUG AssetLoader          - Loading from cache: /assets/textures/tiles_spritesheet.png
17:42:56.288 [FXGL Background Thread 1 ] DEBUG AssetLoader          - Loading from cache: /assets/textures/tiles_spritesheet.png
17:42:56.288 [FXGL Background Thread 1 ] DEBUG AssetLoader          - Loading from cache: /assets/textures/tiles_spritesheet.png
17:42:56.288 [FXGL Background Thread 1 ] DEBUG AssetLoader          - Loading from cache: /assets/textures/tiles_spritesheet.png
17:42:56.289 [FXGL Background Thread 1 ] DEBUG AssetLoader          - Loading from cache: /assets/textures/tiles_spritesheet.png
17:42:56.289 [FXGL Background Thread 1 ] DEBUG AssetLoader          - Loading from cache: /assets/textures/tiles_spritesheet.png
17:42:56.289 [FXGL Background Thread 1 ] DEBUG AssetLoader          - Loading from cache: /assets/textures/tiles_spritesheet.png
17:42:56.290 [FXGL Background Thread 1 ] DEBUG AssetLoader          - Loading from cache: /assets/textures/tiles_spritesheet.png
17:42:56.290 [FXGL Background Thread 1 ] DEBUG AssetLoader          - Loading from cache: /assets/textures/tiles_spritesheet.png
17:42:56.290 [FXGL Background Thread 1 ] DEBUG AssetLoader          - Loading from cache: /assets/textures/tiles_spritesheet.png
17:42:56.290 [FXGL Background Thread 1 ] DEBUG AssetLoader          - Loading from cache: /assets/textures/tiles_spritesheet.png
17:42:56.291 [FXGL Background Thread 1 ] DEBUG AssetLoader          - Loading from cache: /assets/textures/tiles_spritesheet.png
17:42:56.291 [FXGL Background Thread 1 ] DEBUG AssetLoader          - Loading from cache: /assets/textures/tiles_spritesheet.png
17:42:56.291 [FXGL Background Thread 1 ] DEBUG AssetLoader          - Loading from cache: /assets/textures/tiles_spritesheet.png
17:42:56.292 [FXGL Background Thread 1 ] DEBUG AssetLoader          - Loading from cache: /assets/textures/tiles_spritesheet.png
17:42:56.292 [FXGL Background Thread 1 ] DEBUG AssetLoader          - Loading from cache: /assets/textures/tiles_spritesheet.png
17:42:56.292 [FXGL Background Thread 1 ] DEBUG AssetLoader          - Loading from cache: /assets/textures/tiles_spritesheet.png
17:42:56.292 [FXGL Background Thread 1 ] DEBUG AssetLoader          - Loading from cache: /assets/textures/tiles_spritesheet.png
17:42:56.293 [FXGL Background Thread 1 ] DEBUG AssetLoader          - Loading from cache: /assets/textures/tiles_spritesheet.png
17:42:56.293 [FXGL Background Thread 1 ] DEBUG AssetLoader          - Loading from cache: /assets/textures/tiles_spritesheet.png
17:42:56.293 [FXGL Background Thread 1 ] DEBUG AssetLoader          - Loading from cache: /assets/textures/tiles_spritesheet.png
17:42:56.293 [FXGL Background Thread 1 ] DEBUG AssetLoader          - Loading from cache: /assets/textures/tiles_spritesheet.png
17:42:56.293 [FXGL Background Thread 1 ] DEBUG AssetLoader          - Loading from cache: /assets/textures/tiles_spritesheet.png
17:42:56.294 [FXGL Background Thread 1 ] DEBUG AssetLoader          - Loading from cache: /assets/textures/tiles_spritesheet.png
17:42:56.294 [FXGL Background Thread 1 ] DEBUG AssetLoader          - Loading from cache: /assets/textures/tiles_spritesheet.png
17:42:56.298 [FXGL Background Thread 1 ] DEBUG FXGL.GameScene       - Creating render group for layer: BACKGROUND(1000)
17:42:56.367 [FXGL Background Thread 1 ] DEBUG FXGL.GameScene       - Creating render group for layer: TOP(2147483647)
17:42:56.384 [FXGL Background Thread 1 ] DEBUG AssetLoader          - Loading from disk: /assets/textures/player.png
17:42:56.387 [FXGL Background Thread 1 ] DEBUG AssetLoader          - Loading from cache: /assets/textures/player.png
17:42:56.392 [FXGL Background Thread 1 ] DEBUG InitAppTask          - Initializing Physics
17:42:56.393 [FXGL Background Thread 1 ] DEBUG InitAppTask          - Initializing UI
17:42:56.393 [FXGL Background Thread 1 ] DEBUG InitAppTask          - Initialization Complete
17:42:56.393 [FXGL Background Thread 1 ] INFO  InitAppTask          - Game initialization took: 0.526 sec
17:42:56.402 [JavaFX Application Thread] DEBUG Input                - Clearing active input actions
17:42:56.402 [JavaFX Application Thread] DEBUG AppStateMachine      - LoadingState -> PlayState
17:43:02.963 [JavaFX Application Thread] DEBUG AssetLoader          - Loading from disk: /assets/properties/languages/english.properties
17:43:02.965 [JavaFX Application Thread] DEBUG AppStateMachine      - Push state: DialogSubState
17:43:02.965 [JavaFX Application Thread] DEBUG Input                - Clearing active input actions
17:43:02.965 [JavaFX Application Thread] DEBUG AppStateMachine      - PlayState -> DialogSubState
17:43:05.969 [JavaFX Application Thread] DEBUG AppStateMachine      - Pop state: DialogSubState
17:43:05.969 [JavaFX Application Thread] DEBUG Input                - Clearing active input actions
17:43:05.970 [JavaFX Application Thread] DEBUG AppStateMachine      - PlayState <- DialogSubState
17:43:10.059 [JavaFX Application Thread] DEBUG Input                - Registered new binding: Resume - Esc
17:43:10.116 [JavaFX Application Thread] DEBUG AppStateMachine      - Push state: PauseMenuSubState
17:43:10.116 [JavaFX Application Thread] DEBUG Input                - Clearing active input actions
17:43:10.116 [JavaFX Application Thread] DEBUG AppStateMachine      - PlayState -> PauseMenuSubState
17:43:11.865 [JavaFX Application Thread] DEBUG GameApplication      - Exiting game application
17:43:11.868 [JavaFX Application Thread] DEBUG GameApplication      - Shutting down background threads
17:43:11.869 [JavaFX Application Thread] DEBUG GameApplication      - Exiting FXGL
17:43:11.870 [JavaFX Application Thread] DEBUG FXGL                 - Saving FXGL system data
17:43:11.873 [JavaFX Application Thread] DEBUG IOTask               - Executing task: writeDataTask(system/fxgl.bundle)
17:43:11.875 [JavaFX Application Thread] DEBUG FS                   - Writing to: system/fxgl.bundle
17:43:11.880 [JavaFX Application Thread] DEBUG IOTask               - Task succeeded: writeDataTask(system/fxgl.bundle)
17:43:11.881 [JavaFX Application Thread] DEBUG GameApplication      - Closing logger and exiting JavaFX
