17:40:52.739 [JavaFX Application Thread] DEBUG GameApplication      - Logger initialized
17:40:52.752 [JavaFX Application Thread] DEBUG MainWindow           - Creating a JavaFX scene
17:40:52.916 [JavaFX Application Thread] DEBUG MainWindow           - Target settings size: 1050.0 x 700.0
17:40:52.917 [JavaFX Application Thread] DEBUG MainWindow           - Scaled scene size:    1050.0 x 700.0
17:40:52.917 [JavaFX Application Thread] DEBUG MainWindow           - Scaled ratio: (1.0, 1.0)
17:40:53.103 [JavaFX Application Thread] DEBUG GameApplication      - Starting FXGL
17:40:53.104 [JavaFX Application Thread] INFO  Version              - FXGL-0.4.1
17:40:53.105 [JavaFX Application Thread] INFO  Version              - Source code and latest versions at: https://github.com/AlmasB/FXGL
17:40:53.105 [JavaFX Application Thread] INFO  Version              -              Join the FXGL chat at: https://gitter.im/AlmasB/FXGL
17:40:53.252 [FXGL Launcher Thread     ] DEBUG FXGL                 - Loading FXGL system data
17:40:53.260 [FXGL Launcher Thread     ] DEBUG IOTask               - Executing task: readDataTask(system/fxgl.bundle)
17:40:53.272 [FXGL Launcher Thread     ] DEBUG FS                   - Reading from: system/fxgl.bundle
17:40:53.290 [FXGL Launcher Thread     ] DEBUG IOTask               - Task succeeded: readDataTask(system/fxgl.bundle)
17:40:53.293 [FXGL Launcher Thread     ] DEBUG Bundle               - Logging bundle: FXGL
17:40:53.294 [FXGL Launcher Thread     ] DEBUG Bundle               - FXGL.offline.timer.version.check=2018-01-28T16:41:24.170
17:40:53.296 [FXGL Launcher Thread     ] DEBUG GameApplication      - FXGL configuration complete
17:40:53.299 [FXGL Launcher Thread     ] INFO  GameApplication      - FXGL configuration took:  0.190 sec
17:40:53.299 [FXGL Launcher Thread     ] DEBUG GameApplication      - Logging game settings
Title: Untitled
Version: 0.0
Width: 1050
Height: 700
Fullscreen: false
Intro: false
Menus: false
Profiling: false
Single step:false
App Mode: DEVELOPER
Menu Key: ESCAPE
Stage Style: DECORATED
Scene Factory: class com.almasb.fxgl.scene.SceneFactory
Dialog Factory: class com.almasb.fxgl.ui.FXGLDialogFactory
UI Factory: class com.almasb.fxgl.ui.FXGLUIFactory
Notification Service: class com.almasb.fxgl.gameplay.notification.XboxNotificationView
Exception Handler: class com.almasb.fxgl.app.FXGLExceptionHandler
17:40:53.309 [FXGL Launcher Thread     ] DEBUG GameApplication      - Configuring GameApplication
17:40:53.315 [FXGL Launcher Thread     ] DEBUG AppStateMachine      - Initializing application states
17:40:53.331 [FXGL Launcher Thread     ] DEBUG AssetLoader          - Loading from disk: /assets/ui/cursors/fxgl_default.png
17:40:53.388 [FXGL Launcher Thread     ] DEBUG AssetLoader          - Loading from disk: /assets/ui/cursors/fxgl_default.png
17:40:53.412 [FXGL Launcher Thread     ] DEBUG AssetLoader          - Loading from disk: /assets/sounds/core/notification.wav
17:40:53.505 [FXGL Launcher Thread     ] DEBUG AssetLoader          - Loading from disk: /assets/sounds/menu/select.wav
17:40:53.507 [FXGL Launcher Thread     ] DEBUG AssetLoader          - Loading from disk: /assets/sounds/menu/back.wav
17:40:53.519 [FXGL Launcher Thread     ] DEBUG AssetLoader          - Loading from disk: /assets/sounds/menu/press.wav
17:40:53.522 [FXGL Launcher Thread     ] DEBUG AssetLoader          - Loading from disk: /assets/ui/fonts/VarelaRound-Regular.ttf
17:40:53.589 [FXGL Launcher Thread     ] DEBUG AssetLoader          - Loading from disk: /assets/ui/fonts/lucida_console.ttf
17:40:53.595 [FXGL Launcher Thread     ] DEBUG AssetLoader          - Loading from disk: /assets/ui/css/fxgl_dark.css
17:40:53.596 [FXGL Launcher Thread     ] DEBUG AssetLoader          - Loading from disk: /assets/ui/icons/fxgl_icon.png
17:40:53.637 [FXGL Launcher Thread     ] DEBUG AssetLoader          - Loading from disk: /assets/ui/cursors/fxgl_default.png
17:40:53.703 [FXGL Launcher Thread     ] DEBUG FXGL.GameScene       - Game scene initialized: 1050x700
17:40:53.717 [FXGL Launcher Thread     ] DEBUG FXGL.GameWorld       - Game world initialized
17:40:53.889 [FXGL Launcher Thread     ] DEBUG FXGL.PhysicsWorld    - Physics world initialized: appHeight=700, physics.ppm=50.0
17:40:53.932 [FXGL Launcher Thread     ] DEBUG Input                - Registered new binding: Pause - Esc
17:40:53.959 [FXGL Launcher Thread     ] INFO  GameApplication      - Game configuration took:  0.649 sec
17:40:53.962 [JavaFX Application Thread] DEBUG MainWindow           - Opening main window
17:40:54.028 [JavaFX Application Thread] DEBUG MainWindow           - Window border size: (0.0, 0.0)
17:40:54.031 [JavaFX Application Thread] DEBUG MainWindow           - Scaled size: 1050.0 x 700.0
17:40:54.033 [JavaFX Application Thread] DEBUG MainWindow           - Scaled ratio: (1.0, 1.0)
17:40:54.040 [JavaFX Application Thread] DEBUG MainWindow           - Scene size: 1050.0 x 700.0
17:40:54.042 [JavaFX Application Thread] DEBUG MainWindow           - Stage size: 1050.0 x 700.0
17:40:54.048 [JavaFX Application Thread] DEBUG GameApplication      - Running preInit()
17:40:54.054 [JavaFX Application Thread] DEBUG AnnotationParser     - Main app package name: cap.the
17:40:54.233 [JavaFX Application Thread] DEBUG AnnotationParser     - @SetAchievementStore: []
17:40:54.235 [JavaFX Application Thread] DEBUG Input                - Registered new binding: Screenshot - P
17:40:54.236 [JavaFX Application Thread] DEBUG Input                - Registered new binding: Dev Options - CTRL+0
17:40:54.241 [JavaFX Application Thread] DEBUG Input                - Registered new binding: left - A
17:40:54.241 [JavaFX Application Thread] DEBUG Input                - Registered new binding: right - D
17:40:54.241 [JavaFX Application Thread] DEBUG Input                - Registered new binding: jump - W
17:40:54.292 [JavaFX Application Thread] DEBUG GameApplication      - Starting main loop
17:40:54.299 [JavaFX Application Thread] DEBUG StartupState         - STARTUP
17:40:54.299 [JavaFX Application Thread] DEBUG GameApplication      - Starting new game
17:40:54.299 [JavaFX Application Thread] DEBUG Input                - Clearing active input actions
17:40:54.299 [JavaFX Application Thread] DEBUG AppStateMachine      - StartupState -> LoadingState
17:40:54.342 [JavaFX Application Thread] DEBUG AnnotationParser     - Main app package name: cap.the
17:40:54.342 [JavaFX Application Thread] DEBUG InitAppTask          - Parsing annotations
17:40:54.373 [JavaFX Application Thread] DEBUG AnnotationParser     - @AddCollisionHandler: []
17:40:54.373 [JavaFX Application Thread] DEBUG AnnotationParser     - @SetEventHandler: []
17:40:54.373 [JavaFX Application Thread] DEBUG AnnotationParser     - @SetEntityFactory: [factory]
17:40:54.383 [FXGL Background Thread 1 ] DEBUG InitAppTask          - Clearing previous game
17:40:54.383 [FXGL Background Thread 1 ] DEBUG FXGL.GameWorld       - Clearing game world
17:40:54.384 [FXGL Background Thread 1 ] DEBUG FXGL.PhysicsWorld    - Clearing physics world
17:40:54.384 [FXGL Background Thread 1 ] DEBUG FXGL.GameScene       - Clearing game scene
17:40:54.385 [FXGL Background Thread 1 ] DEBUG InitAppTask          - Initializing Assets
17:40:54.386 [FXGL Background Thread 1 ] DEBUG InitAppTask          - Initializing Game
17:40:54.411 [FXGL Background Thread 1 ] DEBUG AssetLoader          - Loading from disk: /assets/json/mario.json
17:40:54.683 [FXGL Background Thread 1 ] DEBUG FXGL.GameWorld       - Clearing removable entities
17:40:54.683 [FXGL Background Thread 1 ] DEBUG FXGL.GameWorld       - Setting level from map
17:40:54.715 [FXGL Background Thread 1 ] DEBUG AssetLoader          - Loading from disk: /assets/textures/tiles_spritesheet.png
17:40:54.772 [FXGL Background Thread 1 ] DEBUG AssetLoader          - Loading from cache: /assets/textures/tiles_spritesheet.png
17:40:54.772 [FXGL Background Thread 1 ] DEBUG AssetLoader          - Loading from cache: /assets/textures/tiles_spritesheet.png
17:40:54.773 [FXGL Background Thread 1 ] DEBUG AssetLoader          - Loading from cache: /assets/textures/tiles_spritesheet.png
17:40:54.773 [FXGL Background Thread 1 ] DEBUG AssetLoader          - Loading from cache: /assets/textures/tiles_spritesheet.png
17:40:54.773 [FXGL Background Thread 1 ] DEBUG AssetLoader          - Loading from cache: /assets/textures/tiles_spritesheet.png
17:40:54.773 [FXGL Background Thread 1 ] DEBUG AssetLoader          - Loading from cache: /assets/textures/tiles_spritesheet.png
17:40:54.773 [FXGL Background Thread 1 ] DEBUG AssetLoader          - Loading from cache: /assets/textures/tiles_spritesheet.png
17:40:54.774 [FXGL Background Thread 1 ] DEBUG AssetLoader          - Loading from cache: /assets/textures/tiles_spritesheet.png
17:40:54.774 [FXGL Background Thread 1 ] DEBUG AssetLoader          - Loading from cache: /assets/textures/tiles_spritesheet.png
17:40:54.774 [FXGL Background Thread 1 ] DEBUG AssetLoader          - Loading from cache: /assets/textures/tiles_spritesheet.png
17:40:54.774 [FXGL Background Thread 1 ] DEBUG AssetLoader          - Loading from cache: /assets/textures/tiles_spritesheet.png
17:40:54.774 [FXGL Background Thread 1 ] DEBUG AssetLoader          - Loading from cache: /assets/textures/tiles_spritesheet.png
17:40:54.775 [FXGL Background Thread 1 ] DEBUG AssetLoader          - Loading from cache: /assets/textures/tiles_spritesheet.png
17:40:54.775 [FXGL Background Thread 1 ] DEBUG AssetLoader          - Loading from cache: /assets/textures/tiles_spritesheet.png
17:40:54.775 [FXGL Background Thread 1 ] DEBUG AssetLoader          - Loading from cache: /assets/textures/tiles_spritesheet.png
17:40:54.775 [FXGL Background Thread 1 ] DEBUG AssetLoader          - Loading from cache: /assets/textures/tiles_spritesheet.png
17:40:54.775 [FXGL Background Thread 1 ] DEBUG AssetLoader          - Loading from cache: /assets/textures/tiles_spritesheet.png
17:40:54.775 [FXGL Background Thread 1 ] DEBUG AssetLoader          - Loading from cache: /assets/textures/tiles_spritesheet.png
17:40:54.776 [FXGL Background Thread 1 ] DEBUG AssetLoader          - Loading from cache: /assets/textures/tiles_spritesheet.png
17:40:54.776 [FXGL Background Thread 1 ] DEBUG AssetLoader          - Loading from cache: /assets/textures/tiles_spritesheet.png
17:40:54.776 [FXGL Background Thread 1 ] DEBUG AssetLoader          - Loading from cache: /assets/textures/tiles_spritesheet.png
17:40:54.776 [FXGL Background Thread 1 ] DEBUG AssetLoader          - Loading from cache: /assets/textures/tiles_spritesheet.png
17:40:54.776 [FXGL Background Thread 1 ] DEBUG AssetLoader          - Loading from cache: /assets/textures/tiles_spritesheet.png
17:40:54.777 [FXGL Background Thread 1 ] DEBUG AssetLoader          - Loading from cache: /assets/textures/tiles_spritesheet.png
17:40:54.777 [FXGL Background Thread 1 ] DEBUG AssetLoader          - Loading from cache: /assets/textures/tiles_spritesheet.png
17:40:54.777 [FXGL Background Thread 1 ] DEBUG AssetLoader          - Loading from cache: /assets/textures/tiles_spritesheet.png
17:40:54.777 [FXGL Background Thread 1 ] DEBUG AssetLoader          - Loading from cache: /assets/textures/tiles_spritesheet.png
17:40:54.777 [FXGL Background Thread 1 ] DEBUG AssetLoader          - Loading from cache: /assets/textures/tiles_spritesheet.png
17:40:54.780 [FXGL Background Thread 1 ] DEBUG FXGL.GameScene       - Creating render group for layer: BACKGROUND(1000)
17:40:54.852 [FXGL Background Thread 1 ] DEBUG FXGL.GameScene       - Creating render group for layer: TOP(2147483647)
17:40:54.869 [FXGL Background Thread 1 ] DEBUG AssetLoader          - Loading from disk: /assets/textures/player.png
17:40:54.873 [FXGL Background Thread 1 ] DEBUG AssetLoader          - Loading from cache: /assets/textures/player.png
17:40:54.876 [FXGL Background Thread 1 ] DEBUG InitAppTask          - Initializing Physics
17:40:54.877 [FXGL Background Thread 1 ] DEBUG InitAppTask          - Initializing UI
17:40:54.877 [FXGL Background Thread 1 ] DEBUG InitAppTask          - Initialization Complete
17:40:54.877 [FXGL Background Thread 1 ] INFO  InitAppTask          - Game initialization took: 0.494 sec
17:40:54.882 [JavaFX Application Thread] DEBUG Input                - Clearing active input actions
17:40:54.882 [JavaFX Application Thread] DEBUG AppStateMachine      - LoadingState -> PlayState
17:41:03.327 [JavaFX Application Thread] DEBUG GameApplication      - Exiting game application
17:41:03.329 [JavaFX Application Thread] DEBUG GameApplication      - Shutting down background threads
17:41:03.330 [JavaFX Application Thread] DEBUG GameApplication      - Exiting FXGL
17:41:03.330 [JavaFX Application Thread] DEBUG FXGL                 - Saving FXGL system data
17:41:03.333 [JavaFX Application Thread] DEBUG IOTask               - Executing task: writeDataTask(system/fxgl.bundle)
17:41:03.334 [JavaFX Application Thread] DEBUG FS                   - Writing to: system/fxgl.bundle
17:41:03.340 [JavaFX Application Thread] DEBUG IOTask               - Task succeeded: writeDataTask(system/fxgl.bundle)
17:41:03.340 [JavaFX Application Thread] DEBUG GameApplication      - Closing logger and exiting JavaFX
