17:49:59.122 [JavaFX Application Thread] DEBUG GameApplication      - Logger initialized
17:49:59.135 [JavaFX Application Thread] DEBUG MainWindow           - Creating a JavaFX scene
17:49:59.324 [JavaFX Application Thread] DEBUG MainWindow           - Target settings size: 1050.0 x 700.0
17:49:59.325 [JavaFX Application Thread] DEBUG MainWindow           - Scaled scene size:    1050.0 x 700.0
17:49:59.325 [JavaFX Application Thread] DEBUG MainWindow           - Scaled ratio: (1.0, 1.0)
17:49:59.530 [JavaFX Application Thread] DEBUG GameApplication      - Starting FXGL
17:49:59.531 [JavaFX Application Thread] INFO  Version              - FXGL-0.4.1
17:49:59.532 [JavaFX Application Thread] INFO  Version              - Source code and latest versions at: https://github.com/AlmasB/FXGL
17:49:59.532 [JavaFX Application Thread] INFO  Version              -              Join the FXGL chat at: https://gitter.im/AlmasB/FXGL
17:49:59.651 [FXGL Launcher Thread     ] DEBUG FXGL                 - Loading FXGL system data
17:49:59.658 [FXGL Launcher Thread     ] DEBUG IOTask               - Executing task: readDataTask(system/fxgl.bundle)
17:49:59.669 [FXGL Launcher Thread     ] DEBUG FS                   - Reading from: system/fxgl.bundle
17:49:59.687 [FXGL Launcher Thread     ] DEBUG IOTask               - Task succeeded: readDataTask(system/fxgl.bundle)
17:49:59.689 [FXGL Launcher Thread     ] DEBUG Bundle               - Logging bundle: FXGL
17:49:59.689 [FXGL Launcher Thread     ] DEBUG Bundle               - FXGL.offline.timer.version.check=2018-01-28T16:41:24.170
17:49:59.690 [FXGL Launcher Thread     ] DEBUG GameApplication      - FXGL configuration complete
17:49:59.701 [FXGL Launcher Thread     ] INFO  GameApplication      - FXGL configuration took:  0.156 sec
17:49:59.701 [FXGL Launcher Thread     ] DEBUG GameApplication      - Logging game settings
Title: Untitled
Version: 0.0
Width: 1050
Height: 700
Fullscreen: false
Intro: false
Menus: false
Profiling: false
Single step:false
App Mode: DEVELOPER
Menu Key: ESCAPE
Stage Style: DECORATED
Scene Factory: class com.almasb.fxgl.scene.SceneFactory
Dialog Factory: class com.almasb.fxgl.ui.FXGLDialogFactory
UI Factory: class com.almasb.fxgl.ui.FXGLUIFactory
Notification Service: class com.almasb.fxgl.gameplay.notification.XboxNotificationView
Exception Handler: class com.almasb.fxgl.app.FXGLExceptionHandler
17:49:59.763 [FXGL Launcher Thread     ] DEBUG GameApplication      - Configuring GameApplication
17:49:59.775 [FXGL Launcher Thread     ] DEBUG AppStateMachine      - Initializing application states
17:49:59.824 [FXGL Launcher Thread     ] DEBUG AssetLoader          - Loading from disk: /assets/ui/cursors/fxgl_default.png
17:49:59.998 [FXGL Launcher Thread     ] DEBUG AssetLoader          - Loading from disk: /assets/ui/cursors/fxgl_default.png
17:50:00.032 [FXGL Launcher Thread     ] DEBUG AssetLoader          - Loading from disk: /assets/sounds/core/notification.wav
17:50:00.063 [FXGL Launcher Thread     ] DEBUG AssetLoader          - Loading from disk: /assets/sounds/menu/select.wav
17:50:00.065 [FXGL Launcher Thread     ] DEBUG AssetLoader          - Loading from disk: /assets/sounds/menu/back.wav
17:50:00.068 [FXGL Launcher Thread     ] DEBUG AssetLoader          - Loading from disk: /assets/sounds/menu/press.wav
17:50:00.071 [FXGL Launcher Thread     ] DEBUG AssetLoader          - Loading from disk: /assets/ui/fonts/VarelaRound-Regular.ttf
17:50:00.109 [FXGL Launcher Thread     ] DEBUG AssetLoader          - Loading from disk: /assets/ui/fonts/lucida_console.ttf
17:50:00.116 [FXGL Launcher Thread     ] DEBUG AssetLoader          - Loading from disk: /assets/ui/css/fxgl_dark.css
17:50:00.117 [FXGL Launcher Thread     ] DEBUG AssetLoader          - Loading from disk: /assets/ui/icons/fxgl_icon.png
17:50:00.185 [FXGL Launcher Thread     ] DEBUG AssetLoader          - Loading from disk: /assets/ui/cursors/fxgl_default.png
17:50:00.237 [FXGL Launcher Thread     ] DEBUG FXGL.GameScene       - Game scene initialized: 1050x700
17:50:00.246 [FXGL Launcher Thread     ] DEBUG FXGL.GameWorld       - Game world initialized
17:50:00.365 [FXGL Launcher Thread     ] DEBUG FXGL.PhysicsWorld    - Physics world initialized: appHeight=700, physics.ppm=50.0
17:50:00.407 [FXGL Launcher Thread     ] DEBUG Input                - Registered new binding: Pause - Esc
17:50:00.434 [FXGL Launcher Thread     ] INFO  GameApplication      - Game configuration took:  0.670 sec
17:50:00.437 [JavaFX Application Thread] DEBUG MainWindow           - Opening main window
17:50:00.488 [JavaFX Application Thread] DEBUG MainWindow           - Window border size: (0.0, 0.0)
17:50:00.489 [JavaFX Application Thread] DEBUG MainWindow           - Scaled size: 1050.0 x 700.0
17:50:00.489 [JavaFX Application Thread] DEBUG MainWindow           - Scaled ratio: (1.0, 1.0)
17:50:00.489 [JavaFX Application Thread] DEBUG MainWindow           - Scene size: 1050.0 x 700.0
17:50:00.490 [JavaFX Application Thread] DEBUG MainWindow           - Stage size: 1050.0 x 700.0
17:50:00.490 [JavaFX Application Thread] DEBUG GameApplication      - Running preInit()
17:50:00.493 [JavaFX Application Thread] DEBUG AnnotationParser     - Main app package name: cap.the
17:50:00.610 [JavaFX Application Thread] DEBUG AnnotationParser     - @SetAchievementStore: []
17:50:00.615 [JavaFX Application Thread] DEBUG Input                - Registered new binding: Screenshot - P
17:50:00.616 [JavaFX Application Thread] DEBUG Input                - Registered new binding: Dev Options - CTRL+0
17:50:00.616 [JavaFX Application Thread] DEBUG Input                - Registered new binding: left - A
17:50:00.616 [JavaFX Application Thread] DEBUG Input                - Registered new binding: right - D
17:50:00.616 [JavaFX Application Thread] DEBUG Input                - Registered new binding: jump - W
17:50:00.659 [JavaFX Application Thread] DEBUG GameApplication      - Starting main loop
17:50:00.666 [JavaFX Application Thread] DEBUG StartupState         - STARTUP
17:50:00.666 [JavaFX Application Thread] DEBUG GameApplication      - Starting new game
17:50:00.669 [JavaFX Application Thread] DEBUG Input                - Clearing active input actions
17:50:00.669 [JavaFX Application Thread] DEBUG AppStateMachine      - StartupState -> LoadingState
17:50:00.717 [JavaFX Application Thread] DEBUG AnnotationParser     - Main app package name: cap.the
17:50:00.717 [JavaFX Application Thread] DEBUG InitAppTask          - Parsing annotations
17:50:00.778 [JavaFX Application Thread] DEBUG AnnotationParser     - @SetEntityFactory: [factory]
17:50:00.778 [JavaFX Application Thread] DEBUG AnnotationParser     - @SetEventHandler: []
17:50:00.778 [JavaFX Application Thread] DEBUG AnnotationParser     - @AddCollisionHandler: []
17:50:00.785 [FXGL Background Thread 1 ] DEBUG InitAppTask          - Clearing previous game
17:50:00.786 [FXGL Background Thread 1 ] DEBUG FXGL.GameWorld       - Clearing game world
17:50:00.787 [FXGL Background Thread 1 ] DEBUG FXGL.PhysicsWorld    - Clearing physics world
17:50:00.787 [FXGL Background Thread 1 ] DEBUG FXGL.GameScene       - Clearing game scene
17:50:00.788 [FXGL Background Thread 1 ] DEBUG InitAppTask          - Initializing Assets
17:50:00.789 [FXGL Background Thread 1 ] DEBUG InitAppTask          - Initializing Game
17:50:00.812 [FXGL Background Thread 1 ] DEBUG AssetLoader          - Loading from disk: /assets/json/mario.json
17:50:01.083 [FXGL Background Thread 1 ] DEBUG FXGL.GameWorld       - Clearing removable entities
17:50:01.084 [FXGL Background Thread 1 ] DEBUG FXGL.GameWorld       - Setting level from map
17:50:01.115 [FXGL Background Thread 1 ] DEBUG AssetLoader          - Loading from disk: /assets/textures/tiles_spritesheet.png
17:50:01.161 [FXGL Background Thread 1 ] DEBUG AssetLoader          - Loading from cache: /assets/textures/tiles_spritesheet.png
17:50:01.162 [FXGL Background Thread 1 ] DEBUG AssetLoader          - Loading from cache: /assets/textures/tiles_spritesheet.png
17:50:01.162 [FXGL Background Thread 1 ] DEBUG AssetLoader          - Loading from cache: /assets/textures/tiles_spritesheet.png
17:50:01.162 [FXGL Background Thread 1 ] DEBUG AssetLoader          - Loading from cache: /assets/textures/tiles_spritesheet.png
17:50:01.162 [FXGL Background Thread 1 ] DEBUG AssetLoader          - Loading from cache: /assets/textures/tiles_spritesheet.png
17:50:01.163 [FXGL Background Thread 1 ] DEBUG AssetLoader          - Loading from cache: /assets/textures/tiles_spritesheet.png
17:50:01.163 [FXGL Background Thread 1 ] DEBUG AssetLoader          - Loading from cache: /assets/textures/tiles_spritesheet.png
17:50:01.163 [FXGL Background Thread 1 ] DEBUG AssetLoader          - Loading from cache: /assets/textures/tiles_spritesheet.png
17:50:01.164 [FXGL Background Thread 1 ] DEBUG AssetLoader          - Loading from cache: /assets/textures/tiles_spritesheet.png
17:50:01.164 [FXGL Background Thread 1 ] DEBUG AssetLoader          - Loading from cache: /assets/textures/tiles_spritesheet.png
17:50:01.164 [FXGL Background Thread 1 ] DEBUG AssetLoader          - Loading from cache: /assets/textures/tiles_spritesheet.png
17:50:01.164 [FXGL Background Thread 1 ] DEBUG AssetLoader          - Loading from cache: /assets/textures/tiles_spritesheet.png
17:50:01.165 [FXGL Background Thread 1 ] DEBUG AssetLoader          - Loading from cache: /assets/textures/tiles_spritesheet.png
17:50:01.165 [FXGL Background Thread 1 ] DEBUG AssetLoader          - Loading from cache: /assets/textures/tiles_spritesheet.png
17:50:01.165 [FXGL Background Thread 1 ] DEBUG AssetLoader          - Loading from cache: /assets/textures/tiles_spritesheet.png
17:50:01.166 [FXGL Background Thread 1 ] DEBUG AssetLoader          - Loading from cache: /assets/textures/tiles_spritesheet.png
17:50:01.166 [FXGL Background Thread 1 ] DEBUG AssetLoader          - Loading from cache: /assets/textures/tiles_spritesheet.png
17:50:01.166 [FXGL Background Thread 1 ] DEBUG AssetLoader          - Loading from cache: /assets/textures/tiles_spritesheet.png
17:50:01.166 [FXGL Background Thread 1 ] DEBUG AssetLoader          - Loading from cache: /assets/textures/tiles_spritesheet.png
17:50:01.167 [FXGL Background Thread 1 ] DEBUG AssetLoader          - Loading from cache: /assets/textures/tiles_spritesheet.png
17:50:01.167 [FXGL Background Thread 1 ] DEBUG AssetLoader          - Loading from cache: /assets/textures/tiles_spritesheet.png
17:50:01.167 [FXGL Background Thread 1 ] DEBUG AssetLoader          - Loading from cache: /assets/textures/tiles_spritesheet.png
17:50:01.168 [FXGL Background Thread 1 ] DEBUG AssetLoader          - Loading from cache: /assets/textures/tiles_spritesheet.png
17:50:01.168 [FXGL Background Thread 1 ] DEBUG AssetLoader          - Loading from cache: /assets/textures/tiles_spritesheet.png
17:50:01.168 [FXGL Background Thread 1 ] DEBUG AssetLoader          - Loading from cache: /assets/textures/tiles_spritesheet.png
17:50:01.168 [FXGL Background Thread 1 ] DEBUG AssetLoader          - Loading from cache: /assets/textures/tiles_spritesheet.png
17:50:01.169 [FXGL Background Thread 1 ] DEBUG AssetLoader          - Loading from cache: /assets/textures/tiles_spritesheet.png
17:50:01.169 [FXGL Background Thread 1 ] DEBUG AssetLoader          - Loading from cache: /assets/textures/tiles_spritesheet.png
17:50:01.171 [FXGL Background Thread 1 ] DEBUG FXGL.GameScene       - Creating render group for layer: BACKGROUND(1000)
17:50:01.246 [FXGL Background Thread 1 ] DEBUG FXGL.GameScene       - Creating render group for layer: TOP(2147483647)
17:50:01.260 [FXGL Background Thread 1 ] DEBUG AssetLoader          - Loading from disk: /assets/textures/player.png
17:50:01.263 [FXGL Background Thread 1 ] DEBUG AssetLoader          - Loading from cache: /assets/textures/player.png
17:50:01.266 [FXGL Background Thread 1 ] DEBUG InitAppTask          - Initializing Physics
17:50:01.266 [FXGL Background Thread 1 ] DEBUG InitAppTask          - Initializing UI
17:50:01.267 [FXGL Background Thread 1 ] DEBUG InitAppTask          - Initialization Complete
17:50:01.267 [FXGL Background Thread 1 ] INFO  InitAppTask          - Game initialization took: 0.481 sec
17:50:01.273 [JavaFX Application Thread] DEBUG Input                - Clearing active input actions
17:50:01.273 [JavaFX Application Thread] DEBUG AppStateMachine      - LoadingState -> PlayState
17:50:08.094 [JavaFX Application Thread] DEBUG GameApplication      - Exiting game application
17:50:08.097 [JavaFX Application Thread] DEBUG GameApplication      - Shutting down background threads
17:50:08.098 [JavaFX Application Thread] DEBUG GameApplication      - Exiting FXGL
17:50:08.098 [JavaFX Application Thread] DEBUG FXGL                 - Saving FXGL system data
17:50:08.101 [JavaFX Application Thread] DEBUG IOTask               - Executing task: writeDataTask(system/fxgl.bundle)
17:50:08.102 [JavaFX Application Thread] DEBUG FS                   - Writing to: system/fxgl.bundle
17:50:08.107 [JavaFX Application Thread] DEBUG IOTask               - Task succeeded: writeDataTask(system/fxgl.bundle)
17:50:08.107 [JavaFX Application Thread] DEBUG GameApplication      - Closing logger and exiting JavaFX
