17:56:21.724 [JavaFX Application Thread] DEBUG GameApplication      - Logger initialized
17:56:21.734 [JavaFX Application Thread] DEBUG MainWindow           - Creating a JavaFX scene
17:56:21.952 [JavaFX Application Thread] DEBUG MainWindow           - Target settings size: 1050.0 x 700.0
17:56:21.952 [JavaFX Application Thread] DEBUG MainWindow           - Scaled scene size:    1050.0 x 700.0
17:56:21.953 [JavaFX Application Thread] DEBUG MainWindow           - Scaled ratio: (1.0, 1.0)
17:56:22.176 [JavaFX Application Thread] DEBUG GameApplication      - Starting FXGL
17:56:22.178 [JavaFX Application Thread] INFO  Version              - FXGL-0.4.1
17:56:22.181 [JavaFX Application Thread] INFO  Version              - Source code and latest versions at: https://github.com/AlmasB/FXGL
17:56:22.182 [JavaFX Application Thread] INFO  Version              -              Join the FXGL chat at: https://gitter.im/AlmasB/FXGL
17:56:22.283 [FXGL Launcher Thread     ] DEBUG FXGL                 - Loading FXGL system data
17:56:22.290 [FXGL Launcher Thread     ] DEBUG IOTask               - Executing task: readDataTask(system/fxgl.bundle)
17:56:22.303 [FXGL Launcher Thread     ] DEBUG FS                   - Reading from: system/fxgl.bundle
17:56:22.341 [FXGL Launcher Thread     ] DEBUG IOTask               - Task succeeded: readDataTask(system/fxgl.bundle)
17:56:22.341 [FXGL Launcher Thread     ] DEBUG Bundle               - Logging bundle: FXGL
17:56:22.343 [FXGL Launcher Thread     ] DEBUG Bundle               - FXGL.offline.timer.version.check=2018-01-28T16:41:24.170
17:56:22.344 [FXGL Launcher Thread     ] DEBUG GameApplication      - FXGL configuration complete
17:56:22.350 [FXGL Launcher Thread     ] INFO  GameApplication      - FXGL configuration took:  0.148 sec
17:56:22.357 [FXGL Launcher Thread     ] DEBUG GameApplication      - Logging game settings
Title: Untitled
Version: 0.0
Width: 1050
Height: 700
Fullscreen: false
Intro: false
Menus: false
Profiling: false
Single step:false
App Mode: DEVELOPER
Menu Key: ESCAPE
Stage Style: DECORATED
Scene Factory: class com.almasb.fxgl.scene.SceneFactory
Dialog Factory: class com.almasb.fxgl.ui.FXGLDialogFactory
UI Factory: class com.almasb.fxgl.ui.FXGLUIFactory
Notification Service: class com.almasb.fxgl.gameplay.notification.XboxNotificationView
Exception Handler: class com.almasb.fxgl.app.FXGLExceptionHandler
17:56:22.442 [FXGL Launcher Thread     ] DEBUG GameApplication      - Configuring GameApplication
17:56:22.447 [FXGL Launcher Thread     ] DEBUG AppStateMachine      - Initializing application states
17:56:22.472 [FXGL Launcher Thread     ] DEBUG AssetLoader          - Loading from disk: /assets/ui/cursors/fxgl_default.png
17:56:22.525 [FXGL Launcher Thread     ] DEBUG AssetLoader          - Loading from disk: /assets/ui/cursors/fxgl_default.png
17:56:22.545 [FXGL Launcher Thread     ] DEBUG AssetLoader          - Loading from disk: /assets/sounds/core/notification.wav
17:56:22.641 [FXGL Launcher Thread     ] DEBUG AssetLoader          - Loading from disk: /assets/sounds/menu/select.wav
17:56:22.643 [FXGL Launcher Thread     ] DEBUG AssetLoader          - Loading from disk: /assets/sounds/menu/back.wav
17:56:22.646 [FXGL Launcher Thread     ] DEBUG AssetLoader          - Loading from disk: /assets/sounds/menu/press.wav
17:56:22.649 [FXGL Launcher Thread     ] DEBUG AssetLoader          - Loading from disk: /assets/ui/fonts/VarelaRound-Regular.ttf
17:56:22.721 [FXGL Launcher Thread     ] DEBUG AssetLoader          - Loading from disk: /assets/ui/fonts/lucida_console.ttf
17:56:22.726 [FXGL Launcher Thread     ] DEBUG AssetLoader          - Loading from disk: /assets/ui/css/fxgl_dark.css
17:56:22.726 [FXGL Launcher Thread     ] DEBUG AssetLoader          - Loading from disk: /assets/ui/icons/fxgl_icon.png
17:56:22.784 [FXGL Launcher Thread     ] DEBUG AssetLoader          - Loading from disk: /assets/ui/cursors/fxgl_default.png
17:56:22.838 [FXGL Launcher Thread     ] DEBUG FXGL.GameScene       - Game scene initialized: 1050x700
17:56:22.842 [FXGL Launcher Thread     ] DEBUG FXGL.GameWorld       - Game world initialized
17:56:22.932 [FXGL Launcher Thread     ] DEBUG FXGL.PhysicsWorld    - Physics world initialized: appHeight=700, physics.ppm=50.0
17:56:22.970 [FXGL Launcher Thread     ] DEBUG Input                - Registered new binding: Pause - Esc
17:56:22.996 [FXGL Launcher Thread     ] INFO  GameApplication      - Game configuration took:  0.554 sec
17:56:23.004 [JavaFX Application Thread] DEBUG MainWindow           - Opening main window
17:56:23.094 [JavaFX Application Thread] DEBUG MainWindow           - Window border size: (0.0, 0.0)
17:56:23.095 [JavaFX Application Thread] DEBUG MainWindow           - Scaled size: 1050.0 x 700.0
17:56:23.096 [JavaFX Application Thread] DEBUG MainWindow           - Scaled ratio: (1.0, 1.0)
17:56:23.096 [JavaFX Application Thread] DEBUG MainWindow           - Scene size: 1050.0 x 700.0
17:56:23.096 [JavaFX Application Thread] DEBUG MainWindow           - Stage size: 1050.0 x 700.0
17:56:23.096 [JavaFX Application Thread] DEBUG GameApplication      - Running preInit()
17:56:23.099 [JavaFX Application Thread] DEBUG AnnotationParser     - Main app package name: cap.the
17:56:23.222 [JavaFX Application Thread] DEBUG AnnotationParser     - @SetAchievementStore: []
17:56:23.224 [JavaFX Application Thread] DEBUG Input                - Registered new binding: Screenshot - P
17:56:23.224 [JavaFX Application Thread] DEBUG Input                - Registered new binding: Dev Options - CTRL+0
17:56:23.227 [JavaFX Application Thread] DEBUG Input                - Registered new binding: left - A
17:56:23.228 [JavaFX Application Thread] DEBUG Input                - Registered new binding: right - D
17:56:23.228 [JavaFX Application Thread] DEBUG Input                - Registered new binding: jump - W
17:56:23.270 [JavaFX Application Thread] DEBUG GameApplication      - Starting main loop
17:56:23.294 [JavaFX Application Thread] DEBUG StartupState         - STARTUP
17:56:23.294 [JavaFX Application Thread] DEBUG GameApplication      - Starting new game
17:56:23.295 [JavaFX Application Thread] DEBUG Input                - Clearing active input actions
17:56:23.295 [JavaFX Application Thread] DEBUG AppStateMachine      - StartupState -> LoadingState
17:56:23.338 [JavaFX Application Thread] DEBUG AnnotationParser     - Main app package name: cap.the
17:56:23.339 [JavaFX Application Thread] DEBUG InitAppTask          - Parsing annotations
17:56:23.373 [JavaFX Application Thread] DEBUG AnnotationParser     - @SetEntityFactory: [factory]
17:56:23.373 [JavaFX Application Thread] DEBUG AnnotationParser     - @AddCollisionHandler: []
17:56:23.373 [JavaFX Application Thread] DEBUG AnnotationParser     - @SetEventHandler: []
17:56:23.380 [FXGL Background Thread 1 ] DEBUG InitAppTask          - Clearing previous game
17:56:23.381 [FXGL Background Thread 1 ] DEBUG FXGL.GameWorld       - Clearing game world
17:56:23.381 [FXGL Background Thread 1 ] DEBUG FXGL.PhysicsWorld    - Clearing physics world
17:56:23.382 [FXGL Background Thread 1 ] DEBUG FXGL.GameScene       - Clearing game scene
17:56:23.382 [FXGL Background Thread 1 ] DEBUG InitAppTask          - Initializing Assets
17:56:23.384 [FXGL Background Thread 1 ] DEBUG InitAppTask          - Initializing Game
17:56:23.410 [FXGL Background Thread 1 ] DEBUG AssetLoader          - Loading from disk: /assets/json/mario.json
17:56:23.702 [FXGL Background Thread 1 ] DEBUG FXGL.GameWorld       - Clearing removable entities
17:56:23.702 [FXGL Background Thread 1 ] DEBUG FXGL.GameWorld       - Setting level from map
17:56:23.738 [FXGL Background Thread 1 ] DEBUG AssetLoader          - Loading from disk: /assets/textures/tiles_spritesheet.png
17:56:23.792 [FXGL Background Thread 1 ] DEBUG AssetLoader          - Loading from cache: /assets/textures/tiles_spritesheet.png
17:56:23.793 [FXGL Background Thread 1 ] DEBUG AssetLoader          - Loading from cache: /assets/textures/tiles_spritesheet.png
17:56:23.793 [FXGL Background Thread 1 ] DEBUG AssetLoader          - Loading from cache: /assets/textures/tiles_spritesheet.png
17:56:23.794 [FXGL Background Thread 1 ] DEBUG AssetLoader          - Loading from cache: /assets/textures/tiles_spritesheet.png
17:56:23.794 [FXGL Background Thread 1 ] DEBUG AssetLoader          - Loading from cache: /assets/textures/tiles_spritesheet.png
17:56:23.794 [FXGL Background Thread 1 ] DEBUG AssetLoader          - Loading from cache: /assets/textures/tiles_spritesheet.png
17:56:23.794 [FXGL Background Thread 1 ] DEBUG AssetLoader          - Loading from cache: /assets/textures/tiles_spritesheet.png
17:56:23.795 [FXGL Background Thread 1 ] DEBUG AssetLoader          - Loading from cache: /assets/textures/tiles_spritesheet.png
17:56:23.795 [FXGL Background Thread 1 ] DEBUG AssetLoader          - Loading from cache: /assets/textures/tiles_spritesheet.png
17:56:23.795 [FXGL Background Thread 1 ] DEBUG AssetLoader          - Loading from cache: /assets/textures/tiles_spritesheet.png
17:56:23.796 [FXGL Background Thread 1 ] DEBUG AssetLoader          - Loading from cache: /assets/textures/tiles_spritesheet.png
17:56:23.796 [FXGL Background Thread 1 ] DEBUG AssetLoader          - Loading from cache: /assets/textures/tiles_spritesheet.png
17:56:23.796 [FXGL Background Thread 1 ] DEBUG AssetLoader          - Loading from cache: /assets/textures/tiles_spritesheet.png
17:56:23.797 [FXGL Background Thread 1 ] DEBUG AssetLoader          - Loading from cache: /assets/textures/tiles_spritesheet.png
17:56:23.797 [FXGL Background Thread 1 ] DEBUG AssetLoader          - Loading from cache: /assets/textures/tiles_spritesheet.png
17:56:23.797 [FXGL Background Thread 1 ] DEBUG AssetLoader          - Loading from cache: /assets/textures/tiles_spritesheet.png
17:56:23.797 [FXGL Background Thread 1 ] DEBUG AssetLoader          - Loading from cache: /assets/textures/tiles_spritesheet.png
17:56:23.798 [FXGL Background Thread 1 ] DEBUG AssetLoader          - Loading from cache: /assets/textures/tiles_spritesheet.png
17:56:23.798 [FXGL Background Thread 1 ] DEBUG AssetLoader          - Loading from cache: /assets/textures/tiles_spritesheet.png
17:56:23.798 [FXGL Background Thread 1 ] DEBUG AssetLoader          - Loading from cache: /assets/textures/tiles_spritesheet.png
17:56:23.799 [FXGL Background Thread 1 ] DEBUG AssetLoader          - Loading from cache: /assets/textures/tiles_spritesheet.png
17:56:23.799 [FXGL Background Thread 1 ] DEBUG AssetLoader          - Loading from cache: /assets/textures/tiles_spritesheet.png
17:56:23.799 [FXGL Background Thread 1 ] DEBUG AssetLoader          - Loading from cache: /assets/textures/tiles_spritesheet.png
17:56:23.799 [FXGL Background Thread 1 ] DEBUG AssetLoader          - Loading from cache: /assets/textures/tiles_spritesheet.png
17:56:23.800 [FXGL Background Thread 1 ] DEBUG AssetLoader          - Loading from cache: /assets/textures/tiles_spritesheet.png
17:56:23.800 [FXGL Background Thread 1 ] DEBUG AssetLoader          - Loading from cache: /assets/textures/tiles_spritesheet.png
17:56:23.800 [FXGL Background Thread 1 ] DEBUG AssetLoader          - Loading from cache: /assets/textures/tiles_spritesheet.png
17:56:23.800 [FXGL Background Thread 1 ] DEBUG AssetLoader          - Loading from cache: /assets/textures/tiles_spritesheet.png
17:56:23.804 [FXGL Background Thread 1 ] DEBUG FXGL.GameScene       - Creating render group for layer: BACKGROUND(1000)
17:56:23.892 [FXGL Background Thread 1 ] DEBUG FXGL.GameScene       - Creating render group for layer: TOP(2147483647)
17:56:23.906 [FXGL Background Thread 1 ] DEBUG AssetLoader          - Loading from disk: /assets/textures/player.png
17:56:23.909 [FXGL Background Thread 1 ] DEBUG AssetLoader          - Loading from cache: /assets/textures/player.png
17:56:23.911 [FXGL Background Thread 1 ] DEBUG InitAppTask          - Initializing Physics
17:56:23.912 [FXGL Background Thread 1 ] DEBUG InitAppTask          - Initializing UI
17:56:23.912 [FXGL Background Thread 1 ] DEBUG InitAppTask          - Initialization Complete
17:56:23.912 [FXGL Background Thread 1 ] INFO  InitAppTask          - Game initialization took: 0.532 sec
17:56:23.918 [JavaFX Application Thread] DEBUG Input                - Clearing active input actions
17:56:23.918 [JavaFX Application Thread] DEBUG AppStateMachine      - LoadingState -> PlayState
17:56:34.668 [JavaFX Application Thread] DEBUG GameApplication      - Exiting game application
17:56:34.670 [JavaFX Application Thread] DEBUG GameApplication      - Shutting down background threads
17:56:34.670 [JavaFX Application Thread] DEBUG GameApplication      - Exiting FXGL
17:56:34.670 [JavaFX Application Thread] DEBUG FXGL                 - Saving FXGL system data
17:56:34.672 [JavaFX Application Thread] DEBUG IOTask               - Executing task: writeDataTask(system/fxgl.bundle)
17:56:34.674 [JavaFX Application Thread] DEBUG FS                   - Writing to: system/fxgl.bundle
17:56:34.680 [JavaFX Application Thread] DEBUG IOTask               - Task succeeded: writeDataTask(system/fxgl.bundle)
17:56:34.680 [JavaFX Application Thread] DEBUG GameApplication      - Closing logger and exiting JavaFX
