17:55:57.423 [JavaFX Application Thread] DEBUG GameApplication      - Logger initialized
17:55:57.435 [JavaFX Application Thread] DEBUG MainWindow           - Creating a JavaFX scene
17:55:57.633 [JavaFX Application Thread] DEBUG MainWindow           - Target settings size: 1050.0 x 700.0
17:55:57.634 [JavaFX Application Thread] DEBUG MainWindow           - Scaled scene size:    1050.0 x 700.0
17:55:57.634 [JavaFX Application Thread] DEBUG MainWindow           - Scaled ratio: (1.0, 1.0)
17:55:57.840 [JavaFX Application Thread] DEBUG GameApplication      - Starting FXGL
17:55:57.842 [JavaFX Application Thread] INFO  Version              - FXGL-0.4.1
17:55:57.844 [JavaFX Application Thread] INFO  Version              - Source code and latest versions at: https://github.com/AlmasB/FXGL
17:55:57.845 [JavaFX Application Thread] INFO  Version              -              Join the FXGL chat at: https://gitter.im/AlmasB/FXGL
17:55:57.946 [FXGL Launcher Thread     ] DEBUG FXGL                 - Loading FXGL system data
17:55:57.952 [FXGL Launcher Thread     ] DEBUG IOTask               - Executing task: readDataTask(system/fxgl.bundle)
17:55:57.998 [FXGL Launcher Thread     ] DEBUG FS                   - Reading from: system/fxgl.bundle
17:55:58.024 [FXGL Launcher Thread     ] DEBUG IOTask               - Task succeeded: readDataTask(system/fxgl.bundle)
17:55:58.025 [FXGL Launcher Thread     ] DEBUG Bundle               - Logging bundle: FXGL
17:55:58.028 [FXGL Launcher Thread     ] DEBUG Bundle               - FXGL.offline.timer.version.check=2018-01-28T16:41:24.170
17:55:58.029 [FXGL Launcher Thread     ] DEBUG GameApplication      - FXGL configuration complete
17:55:58.031 [FXGL Launcher Thread     ] INFO  GameApplication      - FXGL configuration took:  0.178 sec
17:55:58.031 [FXGL Launcher Thread     ] DEBUG GameApplication      - Logging game settings
Title: Untitled
Version: 0.0
Width: 1050
Height: 700
Fullscreen: false
Intro: false
Menus: false
Profiling: false
Single step:false
App Mode: DEVELOPER
Menu Key: ESCAPE
Stage Style: DECORATED
Scene Factory: class com.almasb.fxgl.scene.SceneFactory
Dialog Factory: class com.almasb.fxgl.ui.FXGLDialogFactory
UI Factory: class com.almasb.fxgl.ui.FXGLUIFactory
Notification Service: class com.almasb.fxgl.gameplay.notification.XboxNotificationView
Exception Handler: class com.almasb.fxgl.app.FXGLExceptionHandler
17:55:58.136 [FXGL Launcher Thread     ] DEBUG GameApplication      - Configuring GameApplication
17:55:58.144 [FXGL Launcher Thread     ] DEBUG AppStateMachine      - Initializing application states
17:55:58.196 [FXGL Launcher Thread     ] DEBUG AssetLoader          - Loading from disk: /assets/ui/cursors/fxgl_default.png
17:55:58.272 [FXGL Launcher Thread     ] DEBUG AssetLoader          - Loading from disk: /assets/ui/cursors/fxgl_default.png
17:55:58.323 [FXGL Launcher Thread     ] DEBUG AssetLoader          - Loading from disk: /assets/sounds/core/notification.wav
17:55:58.380 [FXGL Launcher Thread     ] DEBUG AssetLoader          - Loading from disk: /assets/sounds/menu/select.wav
17:55:58.383 [FXGL Launcher Thread     ] DEBUG AssetLoader          - Loading from disk: /assets/sounds/menu/back.wav
17:55:58.385 [FXGL Launcher Thread     ] DEBUG AssetLoader          - Loading from disk: /assets/sounds/menu/press.wav
17:55:58.388 [FXGL Launcher Thread     ] DEBUG AssetLoader          - Loading from disk: /assets/ui/fonts/VarelaRound-Regular.ttf
17:55:58.412 [FXGL Launcher Thread     ] DEBUG AssetLoader          - Loading from disk: /assets/ui/fonts/lucida_console.ttf
17:55:58.419 [FXGL Launcher Thread     ] DEBUG AssetLoader          - Loading from disk: /assets/ui/css/fxgl_dark.css
17:55:58.419 [FXGL Launcher Thread     ] DEBUG AssetLoader          - Loading from disk: /assets/ui/icons/fxgl_icon.png
17:55:58.488 [FXGL Launcher Thread     ] DEBUG AssetLoader          - Loading from disk: /assets/ui/cursors/fxgl_default.png
17:55:58.569 [FXGL Launcher Thread     ] DEBUG FXGL.GameScene       - Game scene initialized: 1050x700
17:55:58.581 [FXGL Launcher Thread     ] DEBUG FXGL.GameWorld       - Game world initialized
17:55:58.687 [FXGL Launcher Thread     ] DEBUG FXGL.PhysicsWorld    - Physics world initialized: appHeight=700, physics.ppm=50.0
17:55:58.718 [FXGL Launcher Thread     ] DEBUG Input                - Registered new binding: Pause - Esc
17:55:58.744 [FXGL Launcher Thread     ] INFO  GameApplication      - Game configuration took:  0.607 sec
17:55:58.748 [JavaFX Application Thread] DEBUG MainWindow           - Opening main window
17:55:58.791 [JavaFX Application Thread] DEBUG MainWindow           - Window border size: (0.0, 0.0)
17:55:58.791 [JavaFX Application Thread] DEBUG MainWindow           - Scaled size: 1050.0 x 700.0
17:55:58.792 [JavaFX Application Thread] DEBUG MainWindow           - Scaled ratio: (1.0, 1.0)
17:55:58.792 [JavaFX Application Thread] DEBUG MainWindow           - Scene size: 1050.0 x 700.0
17:55:58.792 [JavaFX Application Thread] DEBUG MainWindow           - Stage size: 1050.0 x 700.0
17:55:58.792 [JavaFX Application Thread] DEBUG GameApplication      - Running preInit()
17:55:58.795 [JavaFX Application Thread] DEBUG AnnotationParser     - Main app package name: cap.the
17:55:58.898 [JavaFX Application Thread] DEBUG AnnotationParser     - @SetAchievementStore: []
17:55:58.899 [JavaFX Application Thread] DEBUG Input                - Registered new binding: Screenshot - P
17:55:58.900 [JavaFX Application Thread] DEBUG Input                - Registered new binding: Dev Options - CTRL+0
17:55:58.903 [JavaFX Application Thread] DEBUG Input                - Registered new binding: left - A
17:55:58.903 [JavaFX Application Thread] DEBUG Input                - Registered new binding: right - D
17:55:58.904 [JavaFX Application Thread] DEBUG Input                - Registered new binding: jump - W
17:55:58.961 [JavaFX Application Thread] DEBUG GameApplication      - Starting main loop
17:55:58.967 [JavaFX Application Thread] DEBUG StartupState         - STARTUP
17:55:58.967 [JavaFX Application Thread] DEBUG GameApplication      - Starting new game
17:55:58.968 [JavaFX Application Thread] DEBUG Input                - Clearing active input actions
17:55:58.968 [JavaFX Application Thread] DEBUG AppStateMachine      - StartupState -> LoadingState
17:55:59.015 [JavaFX Application Thread] DEBUG AnnotationParser     - Main app package name: cap.the
17:55:59.015 [JavaFX Application Thread] DEBUG InitAppTask          - Parsing annotations
17:55:59.069 [JavaFX Application Thread] DEBUG AnnotationParser     - @AddCollisionHandler: []
17:55:59.069 [JavaFX Application Thread] DEBUG AnnotationParser     - @SetEventHandler: []
17:55:59.069 [JavaFX Application Thread] DEBUG AnnotationParser     - @SetEntityFactory: [factory]
17:55:59.081 [FXGL Background Thread 1 ] DEBUG InitAppTask          - Clearing previous game
17:55:59.081 [FXGL Background Thread 1 ] DEBUG FXGL.GameWorld       - Clearing game world
17:55:59.082 [FXGL Background Thread 1 ] DEBUG FXGL.PhysicsWorld    - Clearing physics world
17:55:59.082 [FXGL Background Thread 1 ] DEBUG FXGL.GameScene       - Clearing game scene
17:55:59.083 [FXGL Background Thread 1 ] DEBUG InitAppTask          - Initializing Assets
17:55:59.085 [FXGL Background Thread 1 ] DEBUG InitAppTask          - Initializing Game
17:55:59.110 [FXGL Background Thread 1 ] DEBUG AssetLoader          - Loading from disk: /assets/json/mario.json
17:55:59.383 [FXGL Background Thread 1 ] DEBUG FXGL.GameWorld       - Clearing removable entities
17:55:59.384 [FXGL Background Thread 1 ] DEBUG FXGL.GameWorld       - Setting level from map
17:55:59.417 [FXGL Background Thread 1 ] DEBUG AssetLoader          - Loading from disk: /assets/textures/tiles_spritesheet.png
17:55:59.460 [FXGL Background Thread 1 ] DEBUG AssetLoader          - Loading from cache: /assets/textures/tiles_spritesheet.png
17:55:59.461 [FXGL Background Thread 1 ] DEBUG AssetLoader          - Loading from cache: /assets/textures/tiles_spritesheet.png
17:55:59.461 [FXGL Background Thread 1 ] DEBUG AssetLoader          - Loading from cache: /assets/textures/tiles_spritesheet.png
17:55:59.461 [FXGL Background Thread 1 ] DEBUG AssetLoader          - Loading from cache: /assets/textures/tiles_spritesheet.png
17:55:59.462 [FXGL Background Thread 1 ] DEBUG AssetLoader          - Loading from cache: /assets/textures/tiles_spritesheet.png
17:55:59.462 [FXGL Background Thread 1 ] DEBUG AssetLoader          - Loading from cache: /assets/textures/tiles_spritesheet.png
17:55:59.462 [FXGL Background Thread 1 ] DEBUG AssetLoader          - Loading from cache: /assets/textures/tiles_spritesheet.png
17:55:59.463 [FXGL Background Thread 1 ] DEBUG AssetLoader          - Loading from cache: /assets/textures/tiles_spritesheet.png
17:55:59.463 [FXGL Background Thread 1 ] DEBUG AssetLoader          - Loading from cache: /assets/textures/tiles_spritesheet.png
17:55:59.463 [FXGL Background Thread 1 ] DEBUG AssetLoader          - Loading from cache: /assets/textures/tiles_spritesheet.png
17:55:59.464 [FXGL Background Thread 1 ] DEBUG AssetLoader          - Loading from cache: /assets/textures/tiles_spritesheet.png
17:55:59.464 [FXGL Background Thread 1 ] DEBUG AssetLoader          - Loading from cache: /assets/textures/tiles_spritesheet.png
17:55:59.464 [FXGL Background Thread 1 ] DEBUG AssetLoader          - Loading from cache: /assets/textures/tiles_spritesheet.png
17:55:59.464 [FXGL Background Thread 1 ] DEBUG AssetLoader          - Loading from cache: /assets/textures/tiles_spritesheet.png
17:55:59.465 [FXGL Background Thread 1 ] DEBUG AssetLoader          - Loading from cache: /assets/textures/tiles_spritesheet.png
17:55:59.465 [FXGL Background Thread 1 ] DEBUG AssetLoader          - Loading from cache: /assets/textures/tiles_spritesheet.png
17:55:59.465 [FXGL Background Thread 1 ] DEBUG AssetLoader          - Loading from cache: /assets/textures/tiles_spritesheet.png
17:55:59.466 [FXGL Background Thread 1 ] DEBUG AssetLoader          - Loading from cache: /assets/textures/tiles_spritesheet.png
17:55:59.466 [FXGL Background Thread 1 ] DEBUG AssetLoader          - Loading from cache: /assets/textures/tiles_spritesheet.png
17:55:59.466 [FXGL Background Thread 1 ] DEBUG AssetLoader          - Loading from cache: /assets/textures/tiles_spritesheet.png
17:55:59.466 [FXGL Background Thread 1 ] DEBUG AssetLoader          - Loading from cache: /assets/textures/tiles_spritesheet.png
17:55:59.467 [FXGL Background Thread 1 ] DEBUG AssetLoader          - Loading from cache: /assets/textures/tiles_spritesheet.png
17:55:59.467 [FXGL Background Thread 1 ] DEBUG AssetLoader          - Loading from cache: /assets/textures/tiles_spritesheet.png
17:55:59.467 [FXGL Background Thread 1 ] DEBUG AssetLoader          - Loading from cache: /assets/textures/tiles_spritesheet.png
17:55:59.468 [FXGL Background Thread 1 ] DEBUG AssetLoader          - Loading from cache: /assets/textures/tiles_spritesheet.png
17:55:59.468 [FXGL Background Thread 1 ] DEBUG AssetLoader          - Loading from cache: /assets/textures/tiles_spritesheet.png
17:55:59.468 [FXGL Background Thread 1 ] DEBUG AssetLoader          - Loading from cache: /assets/textures/tiles_spritesheet.png
17:55:59.469 [FXGL Background Thread 1 ] DEBUG AssetLoader          - Loading from cache: /assets/textures/tiles_spritesheet.png
17:55:59.472 [FXGL Background Thread 1 ] DEBUG FXGL.GameScene       - Creating render group for layer: BACKGROUND(1000)
17:55:59.545 [FXGL Background Thread 1 ] DEBUG FXGL.GameScene       - Creating render group for layer: TOP(2147483647)
17:55:59.561 [FXGL Background Thread 1 ] DEBUG AssetLoader          - Loading from disk: /assets/textures/player.png
17:55:59.565 [FXGL Background Thread 1 ] DEBUG AssetLoader          - Loading from cache: /assets/textures/player.png
17:55:59.567 [FXGL Background Thread 1 ] DEBUG InitAppTask          - Initializing Physics
17:55:59.568 [FXGL Background Thread 1 ] DEBUG InitAppTask          - Initializing UI
17:55:59.569 [FXGL Background Thread 1 ] DEBUG InitAppTask          - Initialization Complete
17:55:59.569 [FXGL Background Thread 1 ] INFO  InitAppTask          - Game initialization took: 0.488 sec
17:55:59.581 [JavaFX Application Thread] DEBUG Input                - Clearing active input actions
17:55:59.582 [JavaFX Application Thread] DEBUG AppStateMachine      - LoadingState -> PlayState
17:56:03.855 [JavaFX Application Thread] DEBUG GameApplication      - Exiting game application
17:56:03.856 [JavaFX Application Thread] DEBUG GameApplication      - Shutting down background threads
17:56:03.857 [JavaFX Application Thread] DEBUG GameApplication      - Exiting FXGL
17:56:03.857 [JavaFX Application Thread] DEBUG FXGL                 - Saving FXGL system data
17:56:03.859 [JavaFX Application Thread] DEBUG IOTask               - Executing task: writeDataTask(system/fxgl.bundle)
17:56:03.862 [JavaFX Application Thread] DEBUG FS                   - Writing to: system/fxgl.bundle
17:56:03.865 [JavaFX Application Thread] DEBUG IOTask               - Task succeeded: writeDataTask(system/fxgl.bundle)
17:56:03.865 [JavaFX Application Thread] DEBUG GameApplication      - Closing logger and exiting JavaFX
