17:49:36.273 [JavaFX Application Thread] DEBUG GameApplication      - Logger initialized
17:49:36.284 [JavaFX Application Thread] DEBUG MainWindow           - Creating a JavaFX scene
17:49:36.486 [JavaFX Application Thread] DEBUG MainWindow           - Target settings size: 1050.0 x 700.0
17:49:36.487 [JavaFX Application Thread] DEBUG MainWindow           - Scaled scene size:    1050.0 x 700.0
17:49:36.487 [JavaFX Application Thread] DEBUG MainWindow           - Scaled ratio: (1.0, 1.0)
17:49:36.699 [JavaFX Application Thread] DEBUG GameApplication      - Starting FXGL
17:49:36.700 [JavaFX Application Thread] INFO  Version              - FXGL-0.4.1
17:49:36.701 [JavaFX Application Thread] INFO  Version              - Source code and latest versions at: https://github.com/AlmasB/FXGL
17:49:36.701 [JavaFX Application Thread] INFO  Version              -              Join the FXGL chat at: https://gitter.im/AlmasB/FXGL
17:49:36.823 [FXGL Launcher Thread     ] DEBUG FXGL                 - Loading FXGL system data
17:49:36.830 [FXGL Launcher Thread     ] DEBUG IOTask               - Executing task: readDataTask(system/fxgl.bundle)
17:49:36.852 [FXGL Launcher Thread     ] DEBUG FS                   - Reading from: system/fxgl.bundle
17:49:36.891 [FXGL Launcher Thread     ] DEBUG IOTask               - Task succeeded: readDataTask(system/fxgl.bundle)
17:49:36.896 [FXGL Launcher Thread     ] DEBUG Bundle               - Logging bundle: FXGL
17:49:36.909 [FXGL Launcher Thread     ] DEBUG Bundle               - FXGL.offline.timer.version.check=2018-01-28T16:41:24.170
17:49:36.915 [FXGL Launcher Thread     ] DEBUG GameApplication      - FXGL configuration complete
17:49:36.917 [FXGL Launcher Thread     ] INFO  GameApplication      - FXGL configuration took:  0.198 sec
17:49:36.917 [FXGL Launcher Thread     ] DEBUG GameApplication      - Logging game settings
Title: Untitled
Version: 0.0
Width: 1050
Height: 700
Fullscreen: false
Intro: false
Menus: false
Profiling: false
Single step:false
App Mode: DEVELOPER
Menu Key: ESCAPE
Stage Style: DECORATED
Scene Factory: class com.almasb.fxgl.scene.SceneFactory
Dialog Factory: class com.almasb.fxgl.ui.FXGLDialogFactory
UI Factory: class com.almasb.fxgl.ui.FXGLUIFactory
Notification Service: class com.almasb.fxgl.gameplay.notification.XboxNotificationView
Exception Handler: class com.almasb.fxgl.app.FXGLExceptionHandler
17:49:36.967 [FXGL Launcher Thread     ] DEBUG GameApplication      - Configuring GameApplication
17:49:36.979 [FXGL Launcher Thread     ] DEBUG AppStateMachine      - Initializing application states
17:49:36.999 [FXGL Launcher Thread     ] DEBUG AssetLoader          - Loading from disk: /assets/ui/cursors/fxgl_default.png
17:49:37.064 [FXGL Launcher Thread     ] DEBUG AssetLoader          - Loading from disk: /assets/ui/cursors/fxgl_default.png
17:49:37.129 [FXGL Launcher Thread     ] DEBUG AssetLoader          - Loading from disk: /assets/sounds/core/notification.wav
17:49:37.205 [FXGL Launcher Thread     ] DEBUG AssetLoader          - Loading from disk: /assets/sounds/menu/select.wav
17:49:37.207 [FXGL Launcher Thread     ] DEBUG AssetLoader          - Loading from disk: /assets/sounds/menu/back.wav
17:49:37.209 [FXGL Launcher Thread     ] DEBUG AssetLoader          - Loading from disk: /assets/sounds/menu/press.wav
17:49:37.230 [FXGL Launcher Thread     ] DEBUG AssetLoader          - Loading from disk: /assets/ui/fonts/VarelaRound-Regular.ttf
17:49:37.268 [FXGL Launcher Thread     ] DEBUG AssetLoader          - Loading from disk: /assets/ui/fonts/lucida_console.ttf
17:49:37.273 [FXGL Launcher Thread     ] DEBUG AssetLoader          - Loading from disk: /assets/ui/css/fxgl_dark.css
17:49:37.273 [FXGL Launcher Thread     ] DEBUG AssetLoader          - Loading from disk: /assets/ui/icons/fxgl_icon.png
17:49:37.329 [FXGL Launcher Thread     ] DEBUG AssetLoader          - Loading from disk: /assets/ui/cursors/fxgl_default.png
17:49:37.383 [FXGL Launcher Thread     ] DEBUG FXGL.GameScene       - Game scene initialized: 1050x700
17:49:37.388 [FXGL Launcher Thread     ] DEBUG FXGL.GameWorld       - Game world initialized
17:49:37.536 [FXGL Launcher Thread     ] DEBUG FXGL.PhysicsWorld    - Physics world initialized: appHeight=700, physics.ppm=50.0
17:49:37.570 [FXGL Launcher Thread     ] DEBUG Input                - Registered new binding: Pause - Esc
17:49:37.596 [FXGL Launcher Thread     ] INFO  GameApplication      - Game configuration took:  0.629 sec
17:49:37.599 [JavaFX Application Thread] DEBUG MainWindow           - Opening main window
17:49:37.638 [JavaFX Application Thread] DEBUG MainWindow           - Window border size: (0.0, 0.0)
17:49:37.638 [JavaFX Application Thread] DEBUG MainWindow           - Scaled size: 1050.0 x 700.0
17:49:37.638 [JavaFX Application Thread] DEBUG MainWindow           - Scaled ratio: (1.0, 1.0)
17:49:37.638 [JavaFX Application Thread] DEBUG MainWindow           - Scene size: 1050.0 x 700.0
17:49:37.639 [JavaFX Application Thread] DEBUG MainWindow           - Stage size: 1050.0 x 700.0
17:49:37.639 [JavaFX Application Thread] DEBUG GameApplication      - Running preInit()
17:49:37.642 [JavaFX Application Thread] DEBUG AnnotationParser     - Main app package name: hisversion
17:49:37.734 [JavaFX Application Thread] DEBUG AnnotationParser     - @SetAchievementStore: []
17:49:37.736 [JavaFX Application Thread] DEBUG Input                - Registered new binding: Screenshot - P
17:49:37.737 [JavaFX Application Thread] DEBUG Input                - Registered new binding: Dev Options - CTRL+0
17:49:37.740 [JavaFX Application Thread] DEBUG Input                - Registered new binding: Left - A
17:49:37.741 [JavaFX Application Thread] DEBUG Input                - Registered new binding: Right - D
17:49:37.741 [JavaFX Application Thread] DEBUG Input                - Registered new binding: Jump - W
17:49:37.794 [JavaFX Application Thread] DEBUG GameApplication      - Starting main loop
17:49:37.800 [JavaFX Application Thread] DEBUG StartupState         - STARTUP
17:49:37.802 [JavaFX Application Thread] DEBUG GameApplication      - Starting new game
17:49:37.802 [JavaFX Application Thread] DEBUG Input                - Clearing active input actions
17:49:37.806 [JavaFX Application Thread] DEBUG AppStateMachine      - StartupState -> LoadingState
17:49:37.851 [JavaFX Application Thread] DEBUG AnnotationParser     - Main app package name: hisversion
17:49:37.851 [JavaFX Application Thread] DEBUG InitAppTask          - Parsing annotations
17:49:37.906 [JavaFX Application Thread] DEBUG AnnotationParser     - @AddCollisionHandler: []
17:49:37.907 [JavaFX Application Thread] DEBUG AnnotationParser     - @SetEventHandler: []
17:49:37.907 [JavaFX Application Thread] DEBUG AnnotationParser     - @SetEntityFactory: [MarioFactory]
17:49:37.914 [FXGL Background Thread 1 ] DEBUG InitAppTask          - Clearing previous game
17:49:37.915 [FXGL Background Thread 1 ] DEBUG FXGL.GameWorld       - Clearing game world
17:49:37.916 [FXGL Background Thread 1 ] DEBUG FXGL.PhysicsWorld    - Clearing physics world
17:49:37.916 [FXGL Background Thread 1 ] DEBUG FXGL.GameScene       - Clearing game scene
17:49:37.919 [FXGL Background Thread 1 ] DEBUG InitAppTask          - Initializing Assets
17:49:37.920 [FXGL Background Thread 1 ] DEBUG InitAppTask          - Initializing Game
17:49:37.947 [FXGL Background Thread 1 ] DEBUG AssetLoader          - Loading from disk: /assets/json/mario.json
17:49:38.210 [FXGL Background Thread 1 ] DEBUG FXGL.GameWorld       - Clearing removable entities
17:49:38.210 [FXGL Background Thread 1 ] DEBUG FXGL.GameWorld       - Setting level from map
17:49:38.244 [FXGL Background Thread 1 ] DEBUG AssetLoader          - Loading from disk: /assets/textures/tiles_spritesheet.png
17:49:38.301 [FXGL Background Thread 1 ] DEBUG AssetLoader          - Loading from cache: /assets/textures/tiles_spritesheet.png
17:49:38.302 [FXGL Background Thread 1 ] DEBUG AssetLoader          - Loading from cache: /assets/textures/tiles_spritesheet.png
17:49:38.302 [FXGL Background Thread 1 ] DEBUG AssetLoader          - Loading from cache: /assets/textures/tiles_spritesheet.png
17:49:38.302 [FXGL Background Thread 1 ] DEBUG AssetLoader          - Loading from cache: /assets/textures/tiles_spritesheet.png
17:49:38.303 [FXGL Background Thread 1 ] DEBUG AssetLoader          - Loading from cache: /assets/textures/tiles_spritesheet.png
17:49:38.303 [FXGL Background Thread 1 ] DEBUG AssetLoader          - Loading from cache: /assets/textures/tiles_spritesheet.png
17:49:38.303 [FXGL Background Thread 1 ] DEBUG AssetLoader          - Loading from cache: /assets/textures/tiles_spritesheet.png
17:49:38.304 [FXGL Background Thread 1 ] DEBUG AssetLoader          - Loading from cache: /assets/textures/tiles_spritesheet.png
17:49:38.304 [FXGL Background Thread 1 ] DEBUG AssetLoader          - Loading from cache: /assets/textures/tiles_spritesheet.png
17:49:38.304 [FXGL Background Thread 1 ] DEBUG AssetLoader          - Loading from cache: /assets/textures/tiles_spritesheet.png
17:49:38.304 [FXGL Background Thread 1 ] DEBUG AssetLoader          - Loading from cache: /assets/textures/tiles_spritesheet.png
17:49:38.305 [FXGL Background Thread 1 ] DEBUG AssetLoader          - Loading from cache: /assets/textures/tiles_spritesheet.png
17:49:38.305 [FXGL Background Thread 1 ] DEBUG AssetLoader          - Loading from cache: /assets/textures/tiles_spritesheet.png
17:49:38.305 [FXGL Background Thread 1 ] DEBUG AssetLoader          - Loading from cache: /assets/textures/tiles_spritesheet.png
17:49:38.305 [FXGL Background Thread 1 ] DEBUG AssetLoader          - Loading from cache: /assets/textures/tiles_spritesheet.png
17:49:38.305 [FXGL Background Thread 1 ] DEBUG AssetLoader          - Loading from cache: /assets/textures/tiles_spritesheet.png
17:49:38.306 [FXGL Background Thread 1 ] DEBUG AssetLoader          - Loading from cache: /assets/textures/tiles_spritesheet.png
17:49:38.306 [FXGL Background Thread 1 ] DEBUG AssetLoader          - Loading from cache: /assets/textures/tiles_spritesheet.png
17:49:38.306 [FXGL Background Thread 1 ] DEBUG AssetLoader          - Loading from cache: /assets/textures/tiles_spritesheet.png
17:49:38.306 [FXGL Background Thread 1 ] DEBUG AssetLoader          - Loading from cache: /assets/textures/tiles_spritesheet.png
17:49:38.307 [FXGL Background Thread 1 ] DEBUG AssetLoader          - Loading from cache: /assets/textures/tiles_spritesheet.png
17:49:38.307 [FXGL Background Thread 1 ] DEBUG AssetLoader          - Loading from cache: /assets/textures/tiles_spritesheet.png
17:49:38.307 [FXGL Background Thread 1 ] DEBUG AssetLoader          - Loading from cache: /assets/textures/tiles_spritesheet.png
17:49:38.307 [FXGL Background Thread 1 ] DEBUG AssetLoader          - Loading from cache: /assets/textures/tiles_spritesheet.png
17:49:38.307 [FXGL Background Thread 1 ] DEBUG AssetLoader          - Loading from cache: /assets/textures/tiles_spritesheet.png
17:49:38.308 [FXGL Background Thread 1 ] DEBUG AssetLoader          - Loading from cache: /assets/textures/tiles_spritesheet.png
17:49:38.308 [FXGL Background Thread 1 ] DEBUG AssetLoader          - Loading from cache: /assets/textures/tiles_spritesheet.png
17:49:38.308 [FXGL Background Thread 1 ] DEBUG AssetLoader          - Loading from cache: /assets/textures/tiles_spritesheet.png
17:49:38.312 [FXGL Background Thread 1 ] DEBUG FXGL.GameScene       - Creating render group for layer: BACKGROUND(1000)
17:49:38.383 [FXGL Background Thread 1 ] DEBUG FXGL.GameScene       - Creating render group for layer: TOP(2147483647)
17:49:38.398 [FXGL Background Thread 1 ] DEBUG AssetLoader          - Loading from disk: /assets/textures/player.png
17:49:38.401 [FXGL Background Thread 1 ] DEBUG AssetLoader          - Loading from cache: /assets/textures/player.png
17:49:38.405 [FXGL Background Thread 1 ] DEBUG InitAppTask          - Initializing Physics
17:49:38.406 [FXGL Background Thread 1 ] DEBUG InitAppTask          - Initializing UI
17:49:38.406 [FXGL Background Thread 1 ] DEBUG InitAppTask          - Initialization Complete
17:49:38.406 [FXGL Background Thread 1 ] INFO  InitAppTask          - Game initialization took: 0.492 sec
17:49:38.421 [JavaFX Application Thread] DEBUG Input                - Clearing active input actions
17:49:38.421 [JavaFX Application Thread] DEBUG AppStateMachine      - LoadingState -> PlayState
17:49:48.447 [JavaFX Application Thread] DEBUG AssetLoader          - Loading from disk: /assets/properties/languages/english.properties
17:49:48.449 [JavaFX Application Thread] DEBUG AppStateMachine      - Push state: DialogSubState
17:49:48.449 [JavaFX Application Thread] DEBUG Input                - Clearing active input actions
17:49:48.449 [JavaFX Application Thread] DEBUG AppStateMachine      - PlayState -> DialogSubState
17:49:51.339 [JavaFX Application Thread] DEBUG GameApplication      - Exiting game application
17:49:51.342 [JavaFX Application Thread] DEBUG GameApplication      - Shutting down background threads
17:49:51.343 [JavaFX Application Thread] DEBUG GameApplication      - Exiting FXGL
17:49:51.344 [JavaFX Application Thread] DEBUG FXGL                 - Saving FXGL system data
17:49:51.347 [JavaFX Application Thread] DEBUG IOTask               - Executing task: writeDataTask(system/fxgl.bundle)
17:49:51.350 [JavaFX Application Thread] DEBUG FS                   - Writing to: system/fxgl.bundle
17:49:51.356 [JavaFX Application Thread] DEBUG IOTask               - Task succeeded: writeDataTask(system/fxgl.bundle)
17:49:51.357 [JavaFX Application Thread] DEBUG GameApplication      - Closing logger and exiting JavaFX
