17:53:54.927 [JavaFX Application Thread] DEBUG GameApplication      - Logger initialized
17:53:54.939 [JavaFX Application Thread] DEBUG MainWindow           - Creating a JavaFX scene
17:53:55.126 [JavaFX Application Thread] DEBUG MainWindow           - Target settings size: 1050.0 x 700.0
17:53:55.127 [JavaFX Application Thread] DEBUG MainWindow           - Scaled scene size:    1050.0 x 700.0
17:53:55.127 [JavaFX Application Thread] DEBUG MainWindow           - Scaled ratio: (1.0, 1.0)
17:53:55.383 [JavaFX Application Thread] DEBUG GameApplication      - Starting FXGL
17:53:55.383 [JavaFX Application Thread] INFO  Version              - FXGL-0.4.1
17:53:55.384 [JavaFX Application Thread] INFO  Version              - Source code and latest versions at: https://github.com/AlmasB/FXGL
17:53:55.384 [JavaFX Application Thread] INFO  Version              -              Join the FXGL chat at: https://gitter.im/AlmasB/FXGL
17:53:55.562 [FXGL Launcher Thread     ] DEBUG FXGL                 - Loading FXGL system data
17:53:55.572 [FXGL Launcher Thread     ] DEBUG IOTask               - Executing task: readDataTask(system/fxgl.bundle)
17:53:55.613 [FXGL Launcher Thread     ] DEBUG FS                   - Reading from: system/fxgl.bundle
17:53:55.633 [FXGL Launcher Thread     ] DEBUG IOTask               - Task succeeded: readDataTask(system/fxgl.bundle)
17:53:55.635 [FXGL Launcher Thread     ] DEBUG Bundle               - Logging bundle: FXGL
17:53:55.636 [FXGL Launcher Thread     ] DEBUG Bundle               - FXGL.offline.timer.version.check=2018-01-28T16:41:24.170
17:53:55.637 [FXGL Launcher Thread     ] DEBUG GameApplication      - FXGL configuration complete
17:53:55.640 [FXGL Launcher Thread     ] INFO  GameApplication      - FXGL configuration took:  0.242 sec
17:53:55.640 [FXGL Launcher Thread     ] DEBUG GameApplication      - Logging game settings
Title: Untitled
Version: 0.0
Width: 1050
Height: 700
Fullscreen: false
Intro: false
Menus: false
Profiling: false
Single step:false
App Mode: DEVELOPER
Menu Key: ESCAPE
Stage Style: DECORATED
Scene Factory: class com.almasb.fxgl.scene.SceneFactory
Dialog Factory: class com.almasb.fxgl.ui.FXGLDialogFactory
UI Factory: class com.almasb.fxgl.ui.FXGLUIFactory
Notification Service: class com.almasb.fxgl.gameplay.notification.XboxNotificationView
Exception Handler: class com.almasb.fxgl.app.FXGLExceptionHandler
17:53:55.651 [FXGL Launcher Thread     ] DEBUG GameApplication      - Configuring GameApplication
17:53:55.658 [FXGL Launcher Thread     ] DEBUG AppStateMachine      - Initializing application states
17:53:55.680 [FXGL Launcher Thread     ] DEBUG AssetLoader          - Loading from disk: /assets/ui/cursors/fxgl_default.png
17:53:55.735 [FXGL Launcher Thread     ] DEBUG AssetLoader          - Loading from disk: /assets/ui/cursors/fxgl_default.png
17:53:55.786 [FXGL Launcher Thread     ] DEBUG AssetLoader          - Loading from disk: /assets/sounds/core/notification.wav
17:53:55.843 [FXGL Launcher Thread     ] DEBUG AssetLoader          - Loading from disk: /assets/sounds/menu/select.wav
17:53:55.846 [FXGL Launcher Thread     ] DEBUG AssetLoader          - Loading from disk: /assets/sounds/menu/back.wav
17:53:55.847 [FXGL Launcher Thread     ] DEBUG AssetLoader          - Loading from disk: /assets/sounds/menu/press.wav
17:53:55.850 [FXGL Launcher Thread     ] DEBUG AssetLoader          - Loading from disk: /assets/ui/fonts/VarelaRound-Regular.ttf
17:53:55.879 [FXGL Launcher Thread     ] DEBUG AssetLoader          - Loading from disk: /assets/ui/fonts/lucida_console.ttf
17:53:55.888 [FXGL Launcher Thread     ] DEBUG AssetLoader          - Loading from disk: /assets/ui/css/fxgl_dark.css
17:53:55.890 [FXGL Launcher Thread     ] DEBUG AssetLoader          - Loading from disk: /assets/ui/icons/fxgl_icon.png
17:53:55.950 [FXGL Launcher Thread     ] DEBUG AssetLoader          - Loading from disk: /assets/ui/cursors/fxgl_default.png
17:53:56.058 [FXGL Launcher Thread     ] DEBUG FXGL.GameScene       - Game scene initialized: 1050x700
17:53:56.063 [FXGL Launcher Thread     ] DEBUG FXGL.GameWorld       - Game world initialized
17:53:56.181 [FXGL Launcher Thread     ] DEBUG FXGL.PhysicsWorld    - Physics world initialized: appHeight=700, physics.ppm=50.0
17:53:56.207 [FXGL Launcher Thread     ] DEBUG Input                - Registered new binding: Pause - Esc
17:53:56.228 [FXGL Launcher Thread     ] INFO  GameApplication      - Game configuration took:  0.576 sec
17:53:56.231 [JavaFX Application Thread] DEBUG MainWindow           - Opening main window
17:53:56.281 [JavaFX Application Thread] DEBUG MainWindow           - Window border size: (0.0, 0.0)
17:53:56.281 [JavaFX Application Thread] DEBUG MainWindow           - Scaled size: 1050.0 x 700.0
17:53:56.282 [JavaFX Application Thread] DEBUG MainWindow           - Scaled ratio: (1.0, 1.0)
17:53:56.282 [JavaFX Application Thread] DEBUG MainWindow           - Scene size: 1050.0 x 700.0
17:53:56.282 [JavaFX Application Thread] DEBUG MainWindow           - Stage size: 1050.0 x 700.0
17:53:56.282 [JavaFX Application Thread] DEBUG GameApplication      - Running preInit()
17:53:56.285 [JavaFX Application Thread] DEBUG AnnotationParser     - Main app package name: cap.the
17:53:56.387 [JavaFX Application Thread] DEBUG AnnotationParser     - @SetAchievementStore: []
17:53:56.389 [JavaFX Application Thread] DEBUG Input                - Registered new binding: Screenshot - P
17:53:56.392 [JavaFX Application Thread] DEBUG Input                - Registered new binding: Dev Options - CTRL+0
17:53:56.392 [JavaFX Application Thread] DEBUG Input                - Registered new binding: left - A
17:53:56.393 [JavaFX Application Thread] DEBUG Input                - Registered new binding: right - D
17:53:56.393 [JavaFX Application Thread] DEBUG Input                - Registered new binding: jump - W
17:53:56.440 [JavaFX Application Thread] DEBUG GameApplication      - Starting main loop
17:53:56.451 [JavaFX Application Thread] DEBUG StartupState         - STARTUP
17:53:56.451 [JavaFX Application Thread] DEBUG GameApplication      - Starting new game
17:53:56.451 [JavaFX Application Thread] DEBUG Input                - Clearing active input actions
17:53:56.452 [JavaFX Application Thread] DEBUG AppStateMachine      - StartupState -> LoadingState
17:53:56.492 [JavaFX Application Thread] DEBUG AnnotationParser     - Main app package name: cap.the
17:53:56.492 [JavaFX Application Thread] DEBUG InitAppTask          - Parsing annotations
17:53:56.521 [JavaFX Application Thread] DEBUG AnnotationParser     - @AddCollisionHandler: []
17:53:56.521 [JavaFX Application Thread] DEBUG AnnotationParser     - @SetEntityFactory: [factory]
17:53:56.522 [JavaFX Application Thread] DEBUG AnnotationParser     - @SetEventHandler: []
17:53:56.532 [FXGL Background Thread 1 ] DEBUG InitAppTask          - Clearing previous game
17:53:56.532 [FXGL Background Thread 1 ] DEBUG FXGL.GameWorld       - Clearing game world
17:53:56.533 [FXGL Background Thread 1 ] DEBUG FXGL.PhysicsWorld    - Clearing physics world
17:53:56.533 [FXGL Background Thread 1 ] DEBUG FXGL.GameScene       - Clearing game scene
17:53:56.534 [FXGL Background Thread 1 ] DEBUG InitAppTask          - Initializing Assets
17:53:56.535 [FXGL Background Thread 1 ] DEBUG InitAppTask          - Initializing Game
17:53:56.558 [FXGL Background Thread 1 ] DEBUG AssetLoader          - Loading from disk: /assets/json/mario.json
17:53:56.827 [FXGL Background Thread 1 ] DEBUG FXGL.GameWorld       - Clearing removable entities
17:53:56.827 [FXGL Background Thread 1 ] DEBUG FXGL.GameWorld       - Setting level from map
17:53:56.855 [FXGL Background Thread 1 ] DEBUG AssetLoader          - Loading from disk: /assets/textures/tiles_spritesheet.png
17:53:56.905 [FXGL Background Thread 1 ] DEBUG AssetLoader          - Loading from cache: /assets/textures/tiles_spritesheet.png
17:53:56.905 [FXGL Background Thread 1 ] DEBUG AssetLoader          - Loading from cache: /assets/textures/tiles_spritesheet.png
17:53:56.905 [FXGL Background Thread 1 ] DEBUG AssetLoader          - Loading from cache: /assets/textures/tiles_spritesheet.png
17:53:56.906 [FXGL Background Thread 1 ] DEBUG AssetLoader          - Loading from cache: /assets/textures/tiles_spritesheet.png
17:53:56.906 [FXGL Background Thread 1 ] DEBUG AssetLoader          - Loading from cache: /assets/textures/tiles_spritesheet.png
17:53:56.906 [FXGL Background Thread 1 ] DEBUG AssetLoader          - Loading from cache: /assets/textures/tiles_spritesheet.png
17:53:56.906 [FXGL Background Thread 1 ] DEBUG AssetLoader          - Loading from cache: /assets/textures/tiles_spritesheet.png
17:53:56.907 [FXGL Background Thread 1 ] DEBUG AssetLoader          - Loading from cache: /assets/textures/tiles_spritesheet.png
17:53:56.907 [FXGL Background Thread 1 ] DEBUG AssetLoader          - Loading from cache: /assets/textures/tiles_spritesheet.png
17:53:56.907 [FXGL Background Thread 1 ] DEBUG AssetLoader          - Loading from cache: /assets/textures/tiles_spritesheet.png
17:53:56.908 [FXGL Background Thread 1 ] DEBUG AssetLoader          - Loading from cache: /assets/textures/tiles_spritesheet.png
17:53:56.908 [FXGL Background Thread 1 ] DEBUG AssetLoader          - Loading from cache: /assets/textures/tiles_spritesheet.png
17:53:56.908 [FXGL Background Thread 1 ] DEBUG AssetLoader          - Loading from cache: /assets/textures/tiles_spritesheet.png
17:53:56.909 [FXGL Background Thread 1 ] DEBUG AssetLoader          - Loading from cache: /assets/textures/tiles_spritesheet.png
17:53:56.909 [FXGL Background Thread 1 ] DEBUG AssetLoader          - Loading from cache: /assets/textures/tiles_spritesheet.png
17:53:56.909 [FXGL Background Thread 1 ] DEBUG AssetLoader          - Loading from cache: /assets/textures/tiles_spritesheet.png
17:53:56.909 [FXGL Background Thread 1 ] DEBUG AssetLoader          - Loading from cache: /assets/textures/tiles_spritesheet.png
17:53:56.910 [FXGL Background Thread 1 ] DEBUG AssetLoader          - Loading from cache: /assets/textures/tiles_spritesheet.png
17:53:56.910 [FXGL Background Thread 1 ] DEBUG AssetLoader          - Loading from cache: /assets/textures/tiles_spritesheet.png
17:53:56.910 [FXGL Background Thread 1 ] DEBUG AssetLoader          - Loading from cache: /assets/textures/tiles_spritesheet.png
17:53:56.910 [FXGL Background Thread 1 ] DEBUG AssetLoader          - Loading from cache: /assets/textures/tiles_spritesheet.png
17:53:56.910 [FXGL Background Thread 1 ] DEBUG AssetLoader          - Loading from cache: /assets/textures/tiles_spritesheet.png
17:53:56.911 [FXGL Background Thread 1 ] DEBUG AssetLoader          - Loading from cache: /assets/textures/tiles_spritesheet.png
17:53:56.911 [FXGL Background Thread 1 ] DEBUG AssetLoader          - Loading from cache: /assets/textures/tiles_spritesheet.png
17:53:56.911 [FXGL Background Thread 1 ] DEBUG AssetLoader          - Loading from cache: /assets/textures/tiles_spritesheet.png
17:53:56.911 [FXGL Background Thread 1 ] DEBUG AssetLoader          - Loading from cache: /assets/textures/tiles_spritesheet.png
17:53:56.911 [FXGL Background Thread 1 ] DEBUG AssetLoader          - Loading from cache: /assets/textures/tiles_spritesheet.png
17:53:56.912 [FXGL Background Thread 1 ] DEBUG AssetLoader          - Loading from cache: /assets/textures/tiles_spritesheet.png
17:53:56.914 [FXGL Background Thread 1 ] DEBUG FXGL.GameScene       - Creating render group for layer: BACKGROUND(1000)
17:53:56.987 [FXGL Background Thread 1 ] DEBUG FXGL.GameScene       - Creating render group for layer: TOP(2147483647)
17:53:57.003 [FXGL Background Thread 1 ] DEBUG AssetLoader          - Loading from disk: /assets/textures/player.png
17:53:57.006 [FXGL Background Thread 1 ] DEBUG AssetLoader          - Loading from cache: /assets/textures/player.png
17:53:57.008 [FXGL Background Thread 1 ] DEBUG InitAppTask          - Initializing Physics
17:53:57.009 [FXGL Background Thread 1 ] DEBUG InitAppTask          - Initializing UI
17:53:57.010 [FXGL Background Thread 1 ] DEBUG InitAppTask          - Initialization Complete
17:53:57.010 [FXGL Background Thread 1 ] INFO  InitAppTask          - Game initialization took: 0.478 sec
17:53:57.025 [JavaFX Application Thread] DEBUG Input                - Clearing active input actions
17:53:57.026 [JavaFX Application Thread] DEBUG AppStateMachine      - LoadingState -> PlayState
17:54:10.025 [JavaFX Application Thread] DEBUG GameApplication      - Exiting game application
17:54:10.027 [JavaFX Application Thread] DEBUG GameApplication      - Shutting down background threads
17:54:10.027 [JavaFX Application Thread] DEBUG GameApplication      - Exiting FXGL
17:54:10.028 [JavaFX Application Thread] DEBUG FXGL                 - Saving FXGL system data
17:54:10.029 [JavaFX Application Thread] DEBUG IOTask               - Executing task: writeDataTask(system/fxgl.bundle)
17:54:10.030 [JavaFX Application Thread] DEBUG FS                   - Writing to: system/fxgl.bundle
17:54:10.034 [JavaFX Application Thread] DEBUG IOTask               - Task succeeded: writeDataTask(system/fxgl.bundle)
17:54:10.034 [JavaFX Application Thread] DEBUG GameApplication      - Closing logger and exiting JavaFX
